This is pdfTeX, Version 3.141592653-2.6-1.40.22 (TeX Live 2022/dev/Debian) (preloaded format=pdflatex 2024.3.27)  19 NOV 2025 12:44
entering extended mode
 \write18 enabled.
 %&-line parsing enabled.
**book.tex
(./book.tex
LaTeX2e <2021-11-15> patch level 1
L3 programming layer <2022-01-21>
(/usr/share/texlive/texmf-dist/tex/latex/base/book.cls
Document Class: book 2021/10/04 v1.4n Standard LaTeX document class
(/usr/share/texlive/texmf-dist/tex/latex/base/bk12.clo
File: bk12.clo 2021/10/04 v1.4n Standard LaTeX file (size option)
)
\c@part=\count185
\c@chapter=\count186
\c@section=\count187
\c@subsection=\count188
\c@subsubsection=\count189
\c@paragraph=\count190
\c@subparagraph=\count191
\c@figure=\count192
\c@table=\count193
\abovecaptionskip=\skip47
\belowcaptionskip=\skip48
\bibindent=\dimen138
)
(/usr/share/texlive/texmf-dist/tex/latex/base/inputenc.sty
Package: inputenc 2021/02/14 v1.3d Input encoding file
\inpenc@prehook=\toks16
\inpenc@posthook=\toks17
)
(/usr/share/texlive/texmf-dist/tex/latex/base/fontenc.sty
Package: fontenc 2021/04/29 v2.0v Standard LaTeX package
)
(/usr/share/texlive/texmf-dist/tex/generic/babel/babel.sty
Package: babel 2022/01/26 3.70 The Babel package
\babel@savecnt=\count194
\U@D=\dimen139
\l@unhyphenated=\language87

(/usr/share/texlive/texmf-dist/tex/generic/babel/txtbabel.def)
\bbl@readstream=\read2
\bbl@dirlevel=\count195

(/usr/share/texlive/texmf-dist/tex/generic/babel-english/english.ldf
Language: english 2017/06/06 v3.3r English support from the babel system
Package babel Info: Hyphen rules for 'canadian' set to \l@english
(babel)             (\language0). Reported on input line 102.
Package babel Info: Hyphen rules for 'australian' set to \l@ukenglish
(babel)             (\language67). Reported on input line 105.
Package babel Info: Hyphen rules for 'newzealand' set to \l@ukenglish
(babel)             (\language67). Reported on input line 108.
))
(/usr/share/texlive/texmf-dist/tex/latex/geometry/geometry.sty
Package: geometry 2020/01/02 v5.9 Page Geometry

(/usr/share/texlive/texmf-dist/tex/latex/graphics/keyval.sty
Package: keyval 2014/10/28 v1.15 key=value parser (DPC)
\KV@toks@=\toks18
)
(/usr/share/texlive/texmf-dist/tex/generic/iftex/ifvtex.sty
Package: ifvtex 2019/10/25 v1.7 ifvtex legacy package. Use iftex instead.

(/usr/share/texlive/texmf-dist/tex/generic/iftex/iftex.sty
Package: iftex 2020/03/06 v1.0d TeX engine tests
))
\Gm@cnth=\count196
\Gm@cntv=\count197
\c@Gm@tempcnt=\count198
\Gm@bindingoffset=\dimen140
\Gm@wd@mp=\dimen141
\Gm@odd@mp=\dimen142
\Gm@even@mp=\dimen143
\Gm@layoutwidth=\dimen144
\Gm@layoutheight=\dimen145
\Gm@layouthoffset=\dimen146
\Gm@layoutvoffset=\dimen147
\Gm@dimlist=\toks19
)
(/usr/share/texlive/texmf-dist/tex/latex/amsmath/amsmath.sty
Package: amsmath 2021/10/15 v2.17l AMS math features
\@mathmargin=\skip49

For additional information on amsmath, use the `?' option.
(/usr/share/texlive/texmf-dist/tex/latex/amsmath/amstext.sty
Package: amstext 2021/08/26 v2.01 AMS text

(/usr/share/texlive/texmf-dist/tex/latex/amsmath/amsgen.sty
File: amsgen.sty 1999/11/30 v2.0 generic functions
\@emptytoks=\toks20
\ex@=\dimen148
))
(/usr/share/texlive/texmf-dist/tex/latex/amsmath/amsbsy.sty
Package: amsbsy 1999/11/29 v1.2d Bold Symbols
\pmbraise@=\dimen149
)
(/usr/share/texlive/texmf-dist/tex/latex/amsmath/amsopn.sty
Package: amsopn 2021/08/26 v2.02 operator names
)
\inf@bad=\count199
LaTeX Info: Redefining \frac on input line 234.
\uproot@=\count266
\leftroot@=\count267
LaTeX Info: Redefining \overline on input line 399.
\classnum@=\count268
\DOTSCASE@=\count269
LaTeX Info: Redefining \ldots on input line 496.
LaTeX Info: Redefining \dots on input line 499.
LaTeX Info: Redefining \cdots on input line 620.
\Mathstrutbox@=\box50
\strutbox@=\box51
\big@size=\dimen150
LaTeX Font Info:    Redeclaring font encoding OML on input line 743.
LaTeX Font Info:    Redeclaring font encoding OMS on input line 744.
\macc@depth=\count270
\c@MaxMatrixCols=\count271
\dotsspace@=\muskip16
\c@parentequation=\count272
\dspbrk@lvl=\count273
\tag@help=\toks21
\row@=\count274
\column@=\count275
\maxfields@=\count276
\andhelp@=\toks22
\eqnshift@=\dimen151
\alignsep@=\dimen152
\tagshift@=\dimen153
\tagwidth@=\dimen154
\totwidth@=\dimen155
\lineht@=\dimen156
\@envbody=\toks23
\multlinegap=\skip50
\multlinetaggap=\skip51
\mathdisplay@stack=\toks24
LaTeX Info: Redefining \[ on input line 2938.
LaTeX Info: Redefining \] on input line 2939.
)
(/usr/share/texlive/texmf-dist/tex/latex/amsfonts/amssymb.sty
Package: amssymb 2013/01/14 v3.01 AMS font symbols

(/usr/share/texlive/texmf-dist/tex/latex/amsfonts/amsfonts.sty
Package: amsfonts 2013/01/14 v3.01 Basic AMSFonts support
\symAMSa=\mathgroup4
\symAMSb=\mathgroup5
LaTeX Font Info:    Redeclaring math symbol \hbar on input line 98.
LaTeX Font Info:    Overwriting math alphabet `\mathfrak' in version `bold'
(Font)                  U/euf/m/n --> U/euf/b/n on input line 106.
))
(/usr/share/texlive/texmf-dist/tex/latex/amscls/amsthm.sty
Package: amsthm 2020/05/29 v2.20.6
\thm@style=\toks25
\thm@bodyfont=\toks26
\thm@headfont=\toks27
\thm@notefont=\toks28
\thm@headpunct=\toks29
\thm@preskip=\skip52
\thm@postskip=\skip53
\thm@headsep=\skip54
\dth@everypar=\toks30
)
(/usr/share/texlive/texmf-dist/tex/latex/mathtools/mathtools.sty
Package: mathtools 2021/02/02 v1.28 mathematical typesetting tools

(/usr/share/texlive/texmf-dist/tex/latex/tools/calc.sty
Package: calc 2017/05/25 v4.3 Infix arithmetic (KKT,FJ)
\calc@Acount=\count277
\calc@Bcount=\count278
\calc@Adimen=\dimen157
\calc@Bdimen=\dimen158
\calc@Askip=\skip55
\calc@Bskip=\skip56
LaTeX Info: Redefining \setlength on input line 80.
LaTeX Info: Redefining \addtolength on input line 81.
\calc@Ccount=\count279
\calc@Cskip=\skip57
)
(/usr/share/texlive/texmf-dist/tex/latex/mathtools/mhsetup.sty
Package: mhsetup 2021/03/18 v1.4 programming setup (MH)
)
\g_MT_multlinerow_int=\count280
\l_MT_multwidth_dim=\dimen159
\origjot=\skip58
\l_MT_shortvdotswithinadjustabove_dim=\dimen160
\l_MT_shortvdotswithinadjustbelow_dim=\dimen161
\l_MT_above_intertext_sep=\dimen162
\l_MT_below_intertext_sep=\dimen163
\l_MT_above_shortintertext_sep=\dimen164
\l_MT_below_shortintertext_sep=\dimen165
\xmathstrut@box=\box52
\xmathstrut@dim=\dimen166
)
(/usr/share/texlive/texmf-dist/tex/latex/graphics/graphicx.sty
Package: graphicx 2021/09/16 v1.2d Enhanced LaTeX Graphics (DPC,SPQR)

(/usr/share/texlive/texmf-dist/tex/latex/graphics/graphics.sty
Package: graphics 2021/03/04 v1.4d Standard LaTeX Graphics (DPC,SPQR)

(/usr/share/texlive/texmf-dist/tex/latex/graphics/trig.sty
Package: trig 2021/08/11 v1.11 sin cos tan (DPC)
)
(/usr/share/texlive/texmf-dist/tex/latex/graphics-cfg/graphics.cfg
File: graphics.cfg 2016/06/04 v1.11 sample graphics configuration
)
Package graphics Info: Driver file: pdftex.def on input line 107.

(/usr/share/texlive/texmf-dist/tex/latex/graphics-def/pdftex.def
File: pdftex.def 2020/10/05 v1.2a Graphics/color driver for pdftex
))
\Gin@req@height=\dimen167
\Gin@req@width=\dimen168
)
(/usr/share/texlive/texmf-dist/tex/latex/xcolor/xcolor.sty
Package: xcolor 2021/10/31 v2.13 LaTeX color extensions (UK)

(/usr/share/texlive/texmf-dist/tex/latex/graphics-cfg/color.cfg
File: color.cfg 2016/01/02 v1.6 sample color configuration
)
Package xcolor Info: Driver file: pdftex.def on input line 227.
Package xcolor Info: Model `cmy' substituted by `cmy0' on input line 1352.
Package xcolor Info: Model `hsb' substituted by `rgb' on input line 1356.
Package xcolor Info: Model `RGB' extended on input line 1368.
Package xcolor Info: Model `HTML' substituted by `rgb' on input line 1370.
Package xcolor Info: Model `Hsb' substituted by `hsb' on input line 1371.
Package xcolor Info: Model `tHsb' substituted by `hsb' on input line 1372.
Package xcolor Info: Model `HSB' substituted by `hsb' on input line 1373.
Package xcolor Info: Model `Gray' substituted by `gray' on input line 1374.
Package xcolor Info: Model `wave' substituted by `hsb' on input line 1375.
)
(/usr/share/texlive/texmf-dist/tex/latex/pgf/frontendlayer/tikz.sty
(/usr/share/texlive/texmf-dist/tex/latex/pgf/basiclayer/pgf.sty
(/usr/share/texlive/texmf-dist/tex/latex/pgf/utilities/pgfrcs.sty
(/usr/share/texlive/texmf-dist/tex/generic/pgf/utilities/pgfutil-common.tex
\pgfutil@everybye=\toks31
\pgfutil@tempdima=\dimen169
\pgfutil@tempdimb=\dimen170

(/usr/share/texlive/texmf-dist/tex/generic/pgf/utilities/pgfutil-common-lists.t
ex)) (/usr/share/texlive/texmf-dist/tex/generic/pgf/utilities/pgfutil-latex.def
\pgfutil@abb=\box53
) (/usr/share/texlive/texmf-dist/tex/generic/pgf/utilities/pgfrcs.code.tex
(/usr/share/texlive/texmf-dist/tex/generic/pgf/pgf.revision.tex)
Package: pgfrcs 2021/05/15 v3.1.9a (3.1.9a)
))
Package: pgf 2021/05/15 v3.1.9a (3.1.9a)

(/usr/share/texlive/texmf-dist/tex/latex/pgf/basiclayer/pgfcore.sty
(/usr/share/texlive/texmf-dist/tex/latex/pgf/systemlayer/pgfsys.sty
(/usr/share/texlive/texmf-dist/tex/generic/pgf/systemlayer/pgfsys.code.tex
Package: pgfsys 2021/05/15 v3.1.9a (3.1.9a)

(/usr/share/texlive/texmf-dist/tex/generic/pgf/utilities/pgfkeys.code.tex
\pgfkeys@pathtoks=\toks32
\pgfkeys@temptoks=\toks33

(/usr/share/texlive/texmf-dist/tex/generic/pgf/utilities/pgfkeysfiltered.code.t
ex
\pgfkeys@tmptoks=\toks34
))
\pgf@x=\dimen171
\pgf@y=\dimen172
\pgf@xa=\dimen173
\pgf@ya=\dimen174
\pgf@xb=\dimen175
\pgf@yb=\dimen176
\pgf@xc=\dimen177
\pgf@yc=\dimen178
\pgf@xd=\dimen179
\pgf@yd=\dimen180
\w@pgf@writea=\write3
\r@pgf@reada=\read3
\c@pgf@counta=\count281
\c@pgf@countb=\count282
\c@pgf@countc=\count283
\c@pgf@countd=\count284
\t@pgf@toka=\toks35
\t@pgf@tokb=\toks36
\t@pgf@tokc=\toks37
\pgf@sys@id@count=\count285
 (/usr/share/texlive/texmf-dist/tex/generic/pgf/systemlayer/pgf.cfg
File: pgf.cfg 2021/05/15 v3.1.9a (3.1.9a)
)
Driver file for pgf: pgfsys-pdftex.def

(/usr/share/texlive/texmf-dist/tex/generic/pgf/systemlayer/pgfsys-pdftex.def
File: pgfsys-pdftex.def 2021/05/15 v3.1.9a (3.1.9a)

(/usr/share/texlive/texmf-dist/tex/generic/pgf/systemlayer/pgfsys-common-pdf.de
f
File: pgfsys-common-pdf.def 2021/05/15 v3.1.9a (3.1.9a)
)))
(/usr/share/texlive/texmf-dist/tex/generic/pgf/systemlayer/pgfsyssoftpath.code.
tex
File: pgfsyssoftpath.code.tex 2021/05/15 v3.1.9a (3.1.9a)
\pgfsyssoftpath@smallbuffer@items=\count286
\pgfsyssoftpath@bigbuffer@items=\count287
)
(/usr/share/texlive/texmf-dist/tex/generic/pgf/systemlayer/pgfsysprotocol.code.
tex
File: pgfsysprotocol.code.tex 2021/05/15 v3.1.9a (3.1.9a)
))
(/usr/share/texlive/texmf-dist/tex/generic/pgf/basiclayer/pgfcore.code.tex
Package: pgfcore 2021/05/15 v3.1.9a (3.1.9a)

(/usr/share/texlive/texmf-dist/tex/generic/pgf/math/pgfmath.code.tex
(/usr/share/texlive/texmf-dist/tex/generic/pgf/math/pgfmathcalc.code.tex
(/usr/share/texlive/texmf-dist/tex/generic/pgf/math/pgfmathutil.code.tex)
(/usr/share/texlive/texmf-dist/tex/generic/pgf/math/pgfmathparser.code.tex
\pgfmath@dimen=\dimen181
\pgfmath@count=\count288
\pgfmath@box=\box54
\pgfmath@toks=\toks38
\pgfmath@stack@operand=\toks39
\pgfmath@stack@operation=\toks40
)
(/usr/share/texlive/texmf-dist/tex/generic/pgf/math/pgfmathfunctions.code.tex
(/usr/share/texlive/texmf-dist/tex/generic/pgf/math/pgfmathfunctions.basic.code
.tex)
(/usr/share/texlive/texmf-dist/tex/generic/pgf/math/pgfmathfunctions.trigonomet
ric.code.tex)
(/usr/share/texlive/texmf-dist/tex/generic/pgf/math/pgfmathfunctions.random.cod
e.tex)
(/usr/share/texlive/texmf-dist/tex/generic/pgf/math/pgfmathfunctions.comparison
.code.tex)
(/usr/share/texlive/texmf-dist/tex/generic/pgf/math/pgfmathfunctions.base.code.
tex)
(/usr/share/texlive/texmf-dist/tex/generic/pgf/math/pgfmathfunctions.round.code
.tex)
(/usr/share/texlive/texmf-dist/tex/generic/pgf/math/pgfmathfunctions.misc.code.
tex)
(/usr/share/texlive/texmf-dist/tex/generic/pgf/math/pgfmathfunctions.integerari
thmetics.code.tex)))
(/usr/share/texlive/texmf-dist/tex/generic/pgf/math/pgfmathfloat.code.tex
\c@pgfmathroundto@lastzeros=\count289
))
(/usr/share/texlive/texmf-dist/tex/generic/pgf/math/pgfint.code.tex)
(/usr/share/texlive/texmf-dist/tex/generic/pgf/basiclayer/pgfcorepoints.code.te
x
File: pgfcorepoints.code.tex 2021/05/15 v3.1.9a (3.1.9a)
\pgf@picminx=\dimen182
\pgf@picmaxx=\dimen183
\pgf@picminy=\dimen184
\pgf@picmaxy=\dimen185
\pgf@pathminx=\dimen186
\pgf@pathmaxx=\dimen187
\pgf@pathminy=\dimen188
\pgf@pathmaxy=\dimen189
\pgf@xx=\dimen190
\pgf@xy=\dimen191
\pgf@yx=\dimen192
\pgf@yy=\dimen193
\pgf@zx=\dimen194
\pgf@zy=\dimen195
)
(/usr/share/texlive/texmf-dist/tex/generic/pgf/basiclayer/pgfcorepathconstruct.
code.tex
File: pgfcorepathconstruct.code.tex 2021/05/15 v3.1.9a (3.1.9a)
\pgf@path@lastx=\dimen196
\pgf@path@lasty=\dimen197
)
(/usr/share/texlive/texmf-dist/tex/generic/pgf/basiclayer/pgfcorepathusage.code
.tex
File: pgfcorepathusage.code.tex 2021/05/15 v3.1.9a (3.1.9a)
\pgf@shorten@end@additional=\dimen198
\pgf@shorten@start@additional=\dimen199
)
(/usr/share/texlive/texmf-dist/tex/generic/pgf/basiclayer/pgfcorescopes.code.te
x
File: pgfcorescopes.code.tex 2021/05/15 v3.1.9a (3.1.9a)
\pgfpic=\box55
\pgf@hbox=\box56
\pgf@layerbox@main=\box57
\pgf@picture@serial@count=\count290
)
(/usr/share/texlive/texmf-dist/tex/generic/pgf/basiclayer/pgfcoregraphicstate.c
ode.tex
File: pgfcoregraphicstate.code.tex 2021/05/15 v3.1.9a (3.1.9a)
\pgflinewidth=\dimen256
)
(/usr/share/texlive/texmf-dist/tex/generic/pgf/basiclayer/pgfcoretransformation
s.code.tex
File: pgfcoretransformations.code.tex 2021/05/15 v3.1.9a (3.1.9a)
\pgf@pt@x=\dimen257
\pgf@pt@y=\dimen258
\pgf@pt@temp=\dimen259
)
(/usr/share/texlive/texmf-dist/tex/generic/pgf/basiclayer/pgfcorequick.code.tex
File: pgfcorequick.code.tex 2021/05/15 v3.1.9a (3.1.9a)
)
(/usr/share/texlive/texmf-dist/tex/generic/pgf/basiclayer/pgfcoreobjects.code.t
ex
File: pgfcoreobjects.code.tex 2021/05/15 v3.1.9a (3.1.9a)
)
(/usr/share/texlive/texmf-dist/tex/generic/pgf/basiclayer/pgfcorepathprocessing
.code.tex
File: pgfcorepathprocessing.code.tex 2021/05/15 v3.1.9a (3.1.9a)
)
(/usr/share/texlive/texmf-dist/tex/generic/pgf/basiclayer/pgfcorearrows.code.te
x
File: pgfcorearrows.code.tex 2021/05/15 v3.1.9a (3.1.9a)
\pgfarrowsep=\dimen260
)
(/usr/share/texlive/texmf-dist/tex/generic/pgf/basiclayer/pgfcoreshade.code.tex
File: pgfcoreshade.code.tex 2021/05/15 v3.1.9a (3.1.9a)
\pgf@max=\dimen261
\pgf@sys@shading@range@num=\count291
\pgf@shadingcount=\count292
)
(/usr/share/texlive/texmf-dist/tex/generic/pgf/basiclayer/pgfcoreimage.code.tex
File: pgfcoreimage.code.tex 2021/05/15 v3.1.9a (3.1.9a)

(/usr/share/texlive/texmf-dist/tex/generic/pgf/basiclayer/pgfcoreexternal.code.
tex
File: pgfcoreexternal.code.tex 2021/05/15 v3.1.9a (3.1.9a)
\pgfexternal@startupbox=\box58
))
(/usr/share/texlive/texmf-dist/tex/generic/pgf/basiclayer/pgfcorelayers.code.te
x
File: pgfcorelayers.code.tex 2021/05/15 v3.1.9a (3.1.9a)
)
(/usr/share/texlive/texmf-dist/tex/generic/pgf/basiclayer/pgfcoretransparency.c
ode.tex
File: pgfcoretransparency.code.tex 2021/05/15 v3.1.9a (3.1.9a)
)
(/usr/share/texlive/texmf-dist/tex/generic/pgf/basiclayer/pgfcorepatterns.code.
tex
File: pgfcorepatterns.code.tex 2021/05/15 v3.1.9a (3.1.9a)
)
(/usr/share/texlive/texmf-dist/tex/generic/pgf/basiclayer/pgfcorerdf.code.tex
File: pgfcorerdf.code.tex 2021/05/15 v3.1.9a (3.1.9a)
)))
(/usr/share/texlive/texmf-dist/tex/generic/pgf/modules/pgfmoduleshapes.code.tex
File: pgfmoduleshapes.code.tex 2021/05/15 v3.1.9a (3.1.9a)
\pgfnodeparttextbox=\box59
) (/usr/share/texlive/texmf-dist/tex/generic/pgf/modules/pgfmoduleplot.code.tex
File: pgfmoduleplot.code.tex 2021/05/15 v3.1.9a (3.1.9a)
)
(/usr/share/texlive/texmf-dist/tex/latex/pgf/compatibility/pgfcomp-version-0-65
.sty
Package: pgfcomp-version-0-65 2021/05/15 v3.1.9a (3.1.9a)
\pgf@nodesepstart=\dimen262
\pgf@nodesepend=\dimen263
)
(/usr/share/texlive/texmf-dist/tex/latex/pgf/compatibility/pgfcomp-version-1-18
.sty
Package: pgfcomp-version-1-18 2021/05/15 v3.1.9a (3.1.9a)
)) (/usr/share/texlive/texmf-dist/tex/latex/pgf/utilities/pgffor.sty
(/usr/share/texlive/texmf-dist/tex/latex/pgf/utilities/pgfkeys.sty
(/usr/share/texlive/texmf-dist/tex/generic/pgf/utilities/pgfkeys.code.tex))
(/usr/share/texlive/texmf-dist/tex/latex/pgf/math/pgfmath.sty
(/usr/share/texlive/texmf-dist/tex/generic/pgf/math/pgfmath.code.tex))
(/usr/share/texlive/texmf-dist/tex/generic/pgf/utilities/pgffor.code.tex
Package: pgffor 2021/05/15 v3.1.9a (3.1.9a)

(/usr/share/texlive/texmf-dist/tex/generic/pgf/math/pgfmath.code.tex)
\pgffor@iter=\dimen264
\pgffor@skip=\dimen265
\pgffor@stack=\toks41
\pgffor@toks=\toks42
))
(/usr/share/texlive/texmf-dist/tex/generic/pgf/frontendlayer/tikz/tikz.code.tex
Package: tikz 2021/05/15 v3.1.9a (3.1.9a)

(/usr/share/texlive/texmf-dist/tex/generic/pgf/libraries/pgflibraryplothandlers
.code.tex
File: pgflibraryplothandlers.code.tex 2021/05/15 v3.1.9a (3.1.9a)
\pgf@plot@mark@count=\count293
\pgfplotmarksize=\dimen266
)
\tikz@lastx=\dimen267
\tikz@lasty=\dimen268
\tikz@lastxsaved=\dimen269
\tikz@lastysaved=\dimen270
\tikz@lastmovetox=\dimen271
\tikz@lastmovetoy=\dimen272
\tikzleveldistance=\dimen273
\tikzsiblingdistance=\dimen274
\tikz@figbox=\box60
\tikz@figbox@bg=\box61
\tikz@tempbox=\box62
\tikz@tempbox@bg=\box63
\tikztreelevel=\count294
\tikznumberofchildren=\count295
\tikznumberofcurrentchild=\count296
\tikz@fig@count=\count297

(/usr/share/texlive/texmf-dist/tex/generic/pgf/modules/pgfmodulematrix.code.tex
File: pgfmodulematrix.code.tex 2021/05/15 v3.1.9a (3.1.9a)
\pgfmatrixcurrentrow=\count298
\pgfmatrixcurrentcolumn=\count299
\pgf@matrix@numberofcolumns=\count300
)
\tikz@expandcount=\count301

(/usr/share/texlive/texmf-dist/tex/generic/pgf/frontendlayer/tikz/libraries/tik
zlibrarytopaths.code.tex
File: tikzlibrarytopaths.code.tex 2021/05/15 v3.1.9a (3.1.9a)
)))
(/usr/share/texlive/texmf-dist/tex/generic/pgf/libraries/pgflibraryarrows.meta.
code.tex
File: pgflibraryarrows.meta.code.tex 2021/05/15 v3.1.9a (3.1.9a)
\pgfarrowinset=\dimen275
\pgfarrowlength=\dimen276
\pgfarrowwidth=\dimen277
\pgfarrowlinewidth=\dimen278
)
(/usr/share/texlive/texmf-dist/tex/generic/pgf/frontendlayer/tikz/libraries/tik
zlibrarypositioning.code.tex
File: tikzlibrarypositioning.code.tex 2021/05/15 v3.1.9a (3.1.9a)
)
(/usr/share/texlive/texmf-dist/tex/generic/pgf/frontendlayer/tikz/libraries/tik
zlibraryshapes.geometric.code.tex
File: tikzlibraryshapes.geometric.code.tex 2021/05/15 v3.1.9a (3.1.9a)

(/usr/share/texlive/texmf-dist/tex/generic/pgf/libraries/shapes/pgflibraryshape
s.geometric.code.tex
File: pgflibraryshapes.geometric.code.tex 2021/05/15 v3.1.9a (3.1.9a)
))
(/usr/share/texlive/texmf-dist/tex/generic/pgf/frontendlayer/tikz/libraries/tik
zlibrarycalc.code.tex
File: tikzlibrarycalc.code.tex 2021/05/15 v3.1.9a (3.1.9a)
)
(/usr/share/texlive/texmf-dist/tex/latex/booktabs/booktabs.sty
Package: booktabs 2020/01/12 v1.61803398 Publication quality tables
\heavyrulewidth=\dimen279
\lightrulewidth=\dimen280
\cmidrulewidth=\dimen281
\belowrulesep=\dimen282
\belowbottomsep=\dimen283
\aboverulesep=\dimen284
\abovetopsep=\dimen285
\cmidrulesep=\dimen286
\cmidrulekern=\dimen287
\defaultaddspace=\dimen288
\@cmidla=\count302
\@cmidlb=\count303
\@aboverulesep=\dimen289
\@belowrulesep=\dimen290
\@thisruleclass=\count304
\@lastruleclass=\count305
\@thisrulewidth=\dimen291
)
(/usr/share/texlive/texmf-dist/tex/latex/tools/array.sty
Package: array 2021/10/04 v2.5f Tabular extension package (FMi)
\col@sep=\dimen292
\ar@mcellbox=\box64
\extrarowheight=\dimen293
\NC@list=\toks43
\extratabsurround=\skip59
\backup@length=\skip60
\ar@cellbox=\box65
)
(/usr/share/texlive/texmf-dist/tex/latex/multirow/multirow.sty
Package: multirow 2021/03/15 v2.8 Span multiple rows of a table
\multirow@colwidth=\skip61
\multirow@cntb=\count306
\multirow@dima=\skip62
\bigstrutjot=\dimen294
)
(/usr/share/texlive/texmf-dist/tex/latex/tools/longtable.sty
Package: longtable 2021-09-01 v4.17 Multi-page Table package (DPC)
\LTleft=\skip63
\LTright=\skip64
\LTpre=\skip65
\LTpost=\skip66
\LTchunksize=\count307
\LTcapwidth=\dimen295
\LT@head=\box66
\LT@firsthead=\box67
\LT@foot=\box68
\LT@lastfoot=\box69
\LT@gbox=\box70
\LT@cols=\count308
\LT@rows=\count309
\c@LT@tables=\count310
\c@LT@chunks=\count311
\LT@p@ftn=\toks44
)
(/usr/share/texlive/texmf-dist/tex/latex/minted/minted.sty
Package: minted 2021/12/24 v2.6 Yet another Pygments shim for LaTeX

(/usr/share/texlive/texmf-dist/tex/latex/kvoptions/kvoptions.sty
Package: kvoptions 2020-10-07 v3.14 Key value format for package options (HO)

(/usr/share/texlive/texmf-dist/tex/generic/ltxcmds/ltxcmds.sty
Package: ltxcmds 2020-05-10 v1.25 LaTeX kernel commands for general use (HO)
)
(/usr/share/texlive/texmf-dist/tex/generic/kvsetkeys/kvsetkeys.sty
Package: kvsetkeys 2019/12/15 v1.18 Key value parser (HO)
))
(/usr/share/texlive/texmf-dist/tex/latex/fvextra/fvextra.sty
Package: fvextra 2019/02/04 v1.4 fvextra - extensions and patches for fancyvrb

(/usr/share/texlive/texmf-dist/tex/latex/base/ifthen.sty
Package: ifthen 2020/11/24 v1.1c Standard LaTeX ifthen package (DPC)
)
(/usr/share/texlive/texmf-dist/tex/latex/etoolbox/etoolbox.sty
Package: etoolbox 2020/10/05 v2.5k e-TeX tools for LaTeX (JAW)
\etb@tempcnta=\count312
)
(/usr/share/texlive/texmf-dist/tex/latex/fancyvrb/fancyvrb.sty
Package: fancyvrb 2021/12/21 4.1b verbatim text (tvz,hv)
\FV@CodeLineNo=\count313
\FV@InFile=\read4
\FV@TabBox=\box71
\c@FancyVerbLine=\count314
\FV@StepNumber=\count315
\FV@OutFile=\write4
)
(/usr/share/texlive/texmf-dist/tex/latex/upquote/upquote.sty
Package: upquote 2012/04/19 v1.3 upright-quote and grave-accent glyphs in verba
tim

(/usr/share/texlive/texmf-dist/tex/latex/base/textcomp.sty
Package: textcomp 2020/02/02 v2.0n Standard LaTeX package
))
(/usr/share/texlive/texmf-dist/tex/latex/lineno/lineno.sty
Package: lineno 2005/11/02 line numbers on paragraphs v4.41
\linenopenalty=\count316
\output=\toks45
\linenoprevgraf=\count317
\linenumbersep=\dimen296
\linenumberwidth=\dimen297
\c@linenumber=\count318
\c@pagewiselinenumber=\count319
\c@LN@truepage=\count320
\c@internallinenumber=\count321
\c@internallinenumbers=\count322
\quotelinenumbersep=\dimen298
\bframerule=\dimen299
\bframesep=\dimen300
\bframebox=\box72
LaTeX Info: Redefining \\ on input line 3056.
)
\c@FV@TrueTabGroupLevel=\count323
\c@FV@TrueTabCounter=\count324
\FV@TabBox@Group=\box73
\FV@TmpLength=\skip67
\c@FV@HighlightLinesStart=\count325
\c@FV@HighlightLinesStop=\count326
\FV@LoopCount=\count327
\FV@NCharsBox=\box74
\FV@BreakIndent=\dimen301
\FV@BreakIndentNChars=\count328
\FV@BreakSymbolSepLeft=\dimen302
\FV@BreakSymbolSepLeftNChars=\count329
\FV@BreakSymbolSepRight=\dimen303
\FV@BreakSymbolSepRightNChars=\count330
\FV@BreakSymbolIndentLeft=\dimen304
\FV@BreakSymbolIndentLeftNChars=\count331
\FV@BreakSymbolIndentRight=\dimen305
\FV@BreakSymbolIndentRightNChars=\count332
\c@FancyVerbLineBreakLast=\count333
\FV@LineBox=\box75
\FV@LineIndentBox=\box76
\FV@LineWidth=\dimen306
)
(/usr/share/texlive/texmf-dist/tex/latex/tools/shellesc.sty
Package: shellesc 2019/11/08 v1.0c unified shell escape interface for LaTeX
Package shellesc Info: Unrestricted shell escape enabled on input line 75.
)
(/usr/share/texlive/texmf-dist/tex/latex/ifplatform/ifplatform.sty
Package: ifplatform 2017/10/13 v0.4a Testing for the operating system

(/usr/share/texlive/texmf-dist/tex/generic/pdftexcmds/pdftexcmds.sty
Package: pdftexcmds 2020-06-27 v0.33 Utility functions of pdfTeX for LuaTeX (HO
)

(/usr/share/texlive/texmf-dist/tex/generic/infwarerr/infwarerr.sty
Package: infwarerr 2019/12/03 v1.5 Providing info/warning/error messages (HO)
)
Package pdftexcmds Info: \pdf@primitive is available.
Package pdftexcmds Info: \pdf@ifprimitive is available.
Package pdftexcmds Info: \pdfdraftmode found.
)
(/usr/share/texlive/texmf-dist/tex/generic/catchfile/catchfile.sty
Package: catchfile 2019/12/09 v1.8 Catch the contents of a file (HO)

(/usr/share/texlive/texmf-dist/tex/generic/etexcmds/etexcmds.sty
Package: etexcmds 2019/12/15 v1.7 Avoid name clashes with e-TeX commands (HO)
))
(/usr/share/texlive/texmf-dist/tex/generic/iftex/ifluatex.sty
Package: ifluatex 2019/10/25 v1.5 ifluatex legacy package. Use iftex instead.
)
runsystem(uname -s > "book.w18")...executed.

 (./book.w18)
runsystem(rm -- "book.w18")...executed.

)
(/usr/share/texlive/texmf-dist/tex/generic/xstring/xstring.sty
(/usr/share/texlive/texmf-dist/tex/generic/xstring/xstring.tex
\integerpart=\count334
\decimalpart=\count335
)
Package: xstring 2021/07/21 v1.84 String manipulations (CT)
)
(/usr/share/texlive/texmf-dist/tex/latex/framed/framed.sty
Package: framed 2011/10/22 v 0.96: framed or shaded text with page breaks
\OuterFrameSep=\skip68
\fb@frw=\dimen307
\fb@frh=\dimen308
\FrameRule=\dimen309
\FrameSep=\dimen310
)
(/usr/share/texlive/texmf-dist/tex/latex/float/float.sty
Package: float 2001/11/08 v1.3d Float enhancements (AL)
\c@float@type=\count336
\float@exts=\toks46
\float@box=\box77
\@float@everytoks=\toks47
\@floatcapt=\box78
)
\minted@appexistsfile=\read5
\minted@bgbox=\box79
\minted@code=\write5
\c@minted@FancyVerbLineTemp=\count337
\c@minted@pygmentizecounter=\count338
\@float@every@listing=\toks48
\c@listing=\count339
)
runsystem(mkdir -p _minted-book)...executed.


(/usr/share/texlive/texmf-dist/tex/latex/algorithms/algorithm.sty
Package: algorithm 2009/08/24 v0.1 Document Style `algorithm' - floating enviro
nment
\@float@every@algorithm=\toks49
\c@algorithm=\count340
)
(/usr/share/texlive/texmf-dist/tex/latex/algorithmicx/algpseudocode.sty
Package: algpseudocode 

(/usr/share/texlive/texmf-dist/tex/latex/algorithmicx/algorithmicx.sty
Package: algorithmicx 2005/04/27 v1.2 Algorithmicx

Document Style algorithmicx 1.2 - a greatly improved `algorithmic' style
\c@ALG@line=\count341
\c@ALG@rem=\count342
\c@ALG@nested=\count343
\ALG@tlm=\skip69
\ALG@thistlm=\skip70
\c@ALG@Lnr=\count344
\c@ALG@blocknr=\count345
\c@ALG@storecount=\count346
\c@ALG@tmpcounter=\count347
\ALG@tmplength=\skip71
)
Document Style - pseudocode environments for use with the `algorithmicx' style
) (/usr/share/texlive/texmf-dist/tex/latex/biblatex/biblatex.sty
Package: biblatex 2022/02/02 v3.17 programmable bibliographies (PK/MW)

(/usr/share/texlive/texmf-dist/tex/latex/logreq/logreq.sty
Package: logreq 2010/08/04 v1.0 xml request logger
\lrq@indent=\count348

(/usr/share/texlive/texmf-dist/tex/latex/logreq/logreq.def
File: logreq.def 2010/08/04 v1.0 logreq spec v1.0
))
(/usr/share/texlive/texmf-dist/tex/latex/url/url.sty
\Urlmuskip=\muskip17
Package: url 2013/09/16  ver 3.4  Verb mode for urls, etc.
)
\c@tabx@nest=\count349
\c@listtotal=\count350
\c@listcount=\count351
\c@liststart=\count352
\c@liststop=\count353
\c@citecount=\count354
\c@citetotal=\count355
\c@multicitecount=\count356
\c@multicitetotal=\count357
\c@instcount=\count358
\c@maxnames=\count359
\c@minnames=\count360
\c@maxitems=\count361
\c@minitems=\count362
\c@citecounter=\count363
\c@maxcitecounter=\count364
\c@savedcitecounter=\count365
\c@uniquelist=\count366
\c@uniquename=\count367
\c@refsection=\count368
\c@refsegment=\count369
\c@maxextratitle=\count370
\c@maxextratitleyear=\count371
\c@maxextraname=\count372
\c@maxextradate=\count373
\c@maxextraalpha=\count374
\c@abbrvpenalty=\count375
\c@highnamepenalty=\count376
\c@lownamepenalty=\count377
\c@maxparens=\count378
\c@parenlevel=\count379
\blx@tempcnta=\count380
\blx@tempcntb=\count381
\blx@tempcntc=\count382
\c@blx@maxsection=\count383
\c@blx@maxsegment@0=\count384
\blx@notetype=\count385
\blx@parenlevel@text=\count386
\blx@parenlevel@foot=\count387
\c@blx@sectionciteorder@0=\count388
\blx@entrysetcounter=\count389
\blx@biblioinstance=\count390
\labelnumberwidth=\skip72
\labelalphawidth=\skip73
\biblabelsep=\skip74
\bibitemsep=\skip75
\bibnamesep=\skip76
\bibinitsep=\skip77
\bibparsep=\skip78
\bibhang=\skip79
\blx@bcfin=\read6
\blx@bcfout=\write6
\blx@langwohyphens=\language88
\c@mincomprange=\count391
\c@maxcomprange=\count392
\c@mincompwidth=\count393
Package biblatex Info: Trying to load biblatex default data model...
Package biblatex Info: ... file 'blx-dm.def' found.

(/usr/share/texlive/texmf-dist/tex/latex/biblatex/blx-dm.def
File: blx-dm.def 2022/02/02 v3.17 biblatex localization (PK/MW)
)
Package biblatex Info: Trying to load biblatex style data model...
Package biblatex Info: ... file 'numeric.dbx' not found.
Package biblatex Info: Trying to load biblatex custom data model...
Package biblatex Info: ... file 'biblatex-dm.cfg' not found.
\c@afterword=\count394
\c@savedafterword=\count395
\c@annotator=\count396
\c@savedannotator=\count397
\c@author=\count398
\c@savedauthor=\count399
\c@bookauthor=\count400
\c@savedbookauthor=\count401
\c@commentator=\count402
\c@savedcommentator=\count403
\c@editor=\count404
\c@savededitor=\count405
\c@editora=\count406
\c@savededitora=\count407
\c@editorb=\count408
\c@savededitorb=\count409
\c@editorc=\count410
\c@savededitorc=\count411
\c@foreword=\count412
\c@savedforeword=\count413
\c@holder=\count414
\c@savedholder=\count415
\c@introduction=\count416
\c@savedintroduction=\count417
\c@namea=\count418
\c@savednamea=\count419
\c@nameb=\count420
\c@savednameb=\count421
\c@namec=\count422
\c@savednamec=\count423
\c@translator=\count424
\c@savedtranslator=\count425
\c@shortauthor=\count426
\c@savedshortauthor=\count427
\c@shorteditor=\count428
\c@savedshorteditor=\count429
\c@labelname=\count430
\c@savedlabelname=\count431
\c@institution=\count432
\c@savedinstitution=\count433
\c@lista=\count434
\c@savedlista=\count435
\c@listb=\count436
\c@savedlistb=\count437
\c@listc=\count438
\c@savedlistc=\count439
\c@listd=\count440
\c@savedlistd=\count441
\c@liste=\count442
\c@savedliste=\count443
\c@listf=\count444
\c@savedlistf=\count445
\c@location=\count446
\c@savedlocation=\count447
\c@organization=\count448
\c@savedorganization=\count449
\c@origlocation=\count450
\c@savedoriglocation=\count451
\c@origpublisher=\count452
\c@savedorigpublisher=\count453
\c@publisher=\count454
\c@savedpublisher=\count455
\c@language=\count456
\c@savedlanguage=\count457
\c@origlanguage=\count458
\c@savedoriglanguage=\count459
\c@pageref=\count460
\c@savedpageref=\count461
\shorthandwidth=\skip80
\shortjournalwidth=\skip81
\shortserieswidth=\skip82
\shorttitlewidth=\skip83
\shortauthorwidth=\skip84
\shorteditorwidth=\skip85
\locallabelnumberwidth=\skip86
\locallabelalphawidth=\skip87
\localshorthandwidth=\skip88
\localshortjournalwidth=\skip89
\localshortserieswidth=\skip90
\localshorttitlewidth=\skip91
\localshortauthorwidth=\skip92
\localshorteditorwidth=\skip93
Package biblatex Info: Trying to load compatibility code...
Package biblatex Info: ... file 'blx-compat.def' found.

(/usr/share/texlive/texmf-dist/tex/latex/biblatex/blx-compat.def
File: blx-compat.def 2022/02/02 v3.17 biblatex compatibility (PK/MW)
)
Package biblatex Info: Trying to load generic definitions...
Package biblatex Info: ... file 'biblatex.def' found.

(/usr/share/texlive/texmf-dist/tex/latex/biblatex/biblatex.def
File: biblatex.def 2022/02/02 v3.17 biblatex compatibility (PK/MW)
\c@textcitecount=\count462
\c@textcitetotal=\count463
\c@textcitemaxnames=\count464
\c@biburlbigbreakpenalty=\count465
\c@biburlbreakpenalty=\count466
\c@biburlnumpenalty=\count467
\c@biburlucpenalty=\count468
\c@biburllcpenalty=\count469
\biburlbigskip=\muskip18
\biburlnumskip=\muskip19
\biburlucskip=\muskip20
\biburllcskip=\muskip21
\c@smartand=\count470
)
Package biblatex Info: Trying to load bibliography style 'numeric'...
Package biblatex Info: ... file 'numeric.bbx' found.

(/usr/share/texlive/texmf-dist/tex/latex/biblatex/bbx/numeric.bbx
File: numeric.bbx 2022/02/02 v3.17 biblatex bibliography style (PK/MW)
Package biblatex Info: Trying to load bibliography style 'standard'...
Package biblatex Info: ... file 'standard.bbx' found.

(/usr/share/texlive/texmf-dist/tex/latex/biblatex/bbx/standard.bbx
File: standard.bbx 2022/02/02 v3.17 biblatex bibliography style (PK/MW)
\c@bbx:relatedcount=\count471
\c@bbx:relatedtotal=\count472
))
Package biblatex Info: Trying to load citation style 'numeric'...
Package biblatex Info: ... file 'numeric.cbx' found.

(/usr/share/texlive/texmf-dist/tex/latex/biblatex/cbx/numeric.cbx
File: numeric.cbx 2022/02/02 v3.17 biblatex citation style (PK/MW)
Package biblatex Info: Redefining '\cite'.
Package biblatex Info: Redefining '\parencite'.
Package biblatex Info: Redefining '\footcite'.
Package biblatex Info: Redefining '\footcitetext'.
Package biblatex Info: Redefining '\smartcite'.
Package biblatex Info: Redefining '\supercite'.
Package biblatex Info: Redefining '\textcite'.
Package biblatex Info: Redefining '\textcites'.
Package biblatex Info: Redefining '\cites'.
Package biblatex Info: Redefining '\parencites'.
Package biblatex Info: Redefining '\smartcites'.
)
Package biblatex Info: Trying to load configuration file...
Package biblatex Info: ... file 'biblatex.cfg' found.

(/usr/share/texlive/texmf-dist/tex/latex/biblatex/biblatex.cfg
File: biblatex.cfg 
)
Package biblatex Info: Input encoding 'utf8' detected.
Package biblatex Info: Document encoding is UTF8 ....

(/usr/share/texlive/texmf-dist/tex/latex/l3kernel/expl3.sty
Package: expl3 2022-01-21 L3 programming layer (loader) 

(/usr/share/texlive/texmf-dist/tex/latex/l3backend/l3backend-pdftex.def
File: l3backend-pdftex.def 2022-01-12 L3 backend support: PDF output (pdfTeX)
\l__color_backend_stack_int=\count473
\l__pdf_internal_box=\box80
))
Package biblatex Info: ... and expl3
(biblatex)             2022-01-21 L3 programming layer (loader) 
(biblatex)             is new enough (at least 2020/04/06),
(biblatex)             setting 'casechanger=expl3'.

(/usr/share/texlive/texmf-dist/tex/latex/biblatex/blx-case-expl3.sty
(/usr/share/texlive/texmf-dist/tex/latex/l3packages/xparse/xparse.sty
Package: xparse 2022-01-12 L3 Experimental document command parser
)
Package: blx-case-expl3 2022/02/02 v3.17 expl3 case changing code for biblatex
))
(/usr/share/texlive/texmf-dist/tex/latex/hyperref/hyperref.sty
Package: hyperref 2021-06-07 v7.00m Hypertext links for LaTeX

(/usr/share/texlive/texmf-dist/tex/generic/kvdefinekeys/kvdefinekeys.sty
Package: kvdefinekeys 2019-12-19 v1.6 Define keys (HO)
)
(/usr/share/texlive/texmf-dist/tex/generic/pdfescape/pdfescape.sty
Package: pdfescape 2019/12/09 v1.15 Implements pdfTeX's escape features (HO)
)
(/usr/share/texlive/texmf-dist/tex/latex/hycolor/hycolor.sty
Package: hycolor 2020-01-27 v1.10 Color options for hyperref/bookmark (HO)
)
(/usr/share/texlive/texmf-dist/tex/latex/letltxmacro/letltxmacro.sty
Package: letltxmacro 2019/12/03 v1.6 Let assignment for LaTeX macros (HO)
)
(/usr/share/texlive/texmf-dist/tex/latex/auxhook/auxhook.sty
Package: auxhook 2019-12-17 v1.6 Hooks for auxiliary files (HO)
)
\@linkdim=\dimen311
\Hy@linkcounter=\count474
\Hy@pagecounter=\count475

(/usr/share/texlive/texmf-dist/tex/latex/hyperref/pd1enc.def
File: pd1enc.def 2021-06-07 v7.00m Hyperref: PDFDocEncoding definition (HO)
Now handling font encoding PD1 ...
... no UTF-8 mapping file for font encoding PD1
)
(/usr/share/texlive/texmf-dist/tex/latex/hyperref/hyperref-langpatches.def
File: hyperref-langpatches.def 2021-06-07 v7.00m Hyperref: patches for babel la
nguages
)
(/usr/share/texlive/texmf-dist/tex/generic/intcalc/intcalc.sty
Package: intcalc 2019/12/15 v1.3 Expandable calculations with integers (HO)
)
\Hy@SavedSpaceFactor=\count476

(/usr/share/texlive/texmf-dist/tex/latex/hyperref/puenc.def
File: puenc.def 2021-06-07 v7.00m Hyperref: PDF Unicode definition (HO)
Now handling font encoding PU ...
... no UTF-8 mapping file for font encoding PU
)
Package hyperref Info: Hyper figures OFF on input line 4192.
Package hyperref Info: Link nesting OFF on input line 4197.
Package hyperref Info: Hyper index ON on input line 4200.
Package hyperref Info: Plain pages OFF on input line 4207.
Package hyperref Info: Backreferencing OFF on input line 4212.
Package hyperref Info: Implicit mode ON; LaTeX internals redefined.
Package hyperref Info: Bookmarks ON on input line 4445.
\c@Hy@tempcnt=\count477
LaTeX Info: Redefining \url on input line 4804.
\XeTeXLinkMargin=\dimen312

(/usr/share/texlive/texmf-dist/tex/generic/bitset/bitset.sty
Package: bitset 2019/12/09 v1.3 Handle bit-vector datatype (HO)

(/usr/share/texlive/texmf-dist/tex/generic/bigintcalc/bigintcalc.sty
Package: bigintcalc 2019/12/15 v1.5 Expandable calculations on big integers (HO
)
))
\Fld@menulength=\count478
\Field@Width=\dimen313
\Fld@charsize=\dimen314
Package hyperref Info: Hyper figures OFF on input line 6076.
Package hyperref Info: Link nesting OFF on input line 6081.
Package hyperref Info: Hyper index ON on input line 6084.
Package hyperref Info: backreferencing OFF on input line 6091.
Package hyperref Info: Link coloring OFF on input line 6096.
Package hyperref Info: Link coloring with OCG OFF on input line 6101.
Package hyperref Info: PDF/A mode OFF on input line 6106.
LaTeX Info: Redefining \ref on input line 6146.
LaTeX Info: Redefining \pageref on input line 6150.

(/usr/share/texlive/texmf-dist/tex/latex/base/atbegshi-ltx.sty
Package: atbegshi-ltx 2021/01/10 v1.0c Emulation of the original atbegshi
package with kernel methods
)
\Hy@abspage=\count479
\c@Item=\count480
\c@Hfootnote=\count481
)
Package hyperref Info: Driver (autodetected): hpdftex.

(/usr/share/texlive/texmf-dist/tex/latex/hyperref/hpdftex.def
File: hpdftex.def 2021-06-07 v7.00m Hyperref driver for pdfTeX

(/usr/share/texlive/texmf-dist/tex/latex/base/atveryend-ltx.sty
Package: atveryend-ltx 2020/08/19 v1.0a Emulation of the original atveryend pac
kage
with kernel methods
)
\Fld@listcount=\count482
\c@bookmark@seq@number=\count483

(/usr/share/texlive/texmf-dist/tex/latex/rerunfilecheck/rerunfilecheck.sty
Package: rerunfilecheck 2019/12/05 v1.9 Rerun checks for auxiliary files (HO)

(/usr/share/texlive/texmf-dist/tex/generic/uniquecounter/uniquecounter.sty
Package: uniquecounter 2019/12/15 v1.4 Provide unlimited unique counter (HO)
)
Package uniquecounter Info: New unique counter `rerunfilecheck' on input line 2
86.
)
\Hy@SectionHShift=\skip94
)
Package hyperref Info: Option `colorlinks' set `true' on input line 95.

(/usr/share/texlive/texmf-dist/tex/latex/fancyhdr/fancyhdr.sty
Package: fancyhdr 2021/01/28 v4.0.1 Extensive control of page headers and foote
rs
\f@nch@headwidth=\skip95
\f@nch@O@elh=\skip96
\f@nch@O@erh=\skip97
\f@nch@O@olh=\skip98
\f@nch@O@orh=\skip99
\f@nch@O@elf=\skip100
\f@nch@O@erf=\skip101
\f@nch@O@olf=\skip102
\f@nch@O@orf=\skip103
)
(/usr/share/texlive/texmf-dist/tex/latex/caption/caption.sty
Package: caption 2020/10/26 v3.5g Customizing captions (AR)

(/usr/share/texlive/texmf-dist/tex/latex/caption/caption3.sty
Package: caption3 2020/10/21 v2.2e caption3 kernel (AR)
\captionmargin=\dimen315
\captionmargin@=\dimen316
\captionwidth=\dimen317
\caption@tempdima=\dimen318
\caption@indent=\dimen319
\caption@parindent=\dimen320
\caption@hangindent=\dimen321
Package caption Info: Standard document class detected.
)
\c@caption@flags=\count484
\c@continuedfloat=\count485
Package caption Info: float package is loaded.
Package caption Info: hyperref package is loaded.
Package caption Info: longtable package is loaded.

(/usr/share/texlive/texmf-dist/tex/latex/caption/ltcaption.sty
Package: ltcaption 2020/05/30 v1.4b longtable captions (AR)
))
(/usr/share/texlive/texmf-dist/tex/latex/caption/subcaption.sty
Package: subcaption 2020/10/07 v1.3j Sub-captions (AR)
\c@subfigure=\count486
\c@subtable=\count487
)
(/usr/share/texlive/texmf-dist/tex/latex/enumitem/enumitem.sty
Package: enumitem 2019/06/20 v3.9 Customized lists
\labelindent=\skip104
\enit@outerparindent=\dimen322
\enit@toks=\toks50
\enit@inbox=\box81
\enit@count@id=\count488
\enitdp@description=\count489
)
(/usr/share/texlive/texmf-dist/tex/latex/mdwtools/footnote.sty
Package: footnote 1997/01/28 1.13 Save footnotes around boxes
\fn@notes=\box82
\fn@width=\dimen323
)
(/usr/share/texlive/texmf-dist/tex/latex/csquotes/csquotes.sty
Package: csquotes 2021-02-22 v5.2l context-sensitive quotations (JAW)
\csq@reset=\count490
\csq@gtype=\count491
\csq@glevel=\count492
\csq@qlevel=\count493
\csq@maxlvl=\count494
\csq@tshold=\count495
\csq@ltx@everypar=\toks51

(/usr/share/texlive/texmf-dist/tex/latex/csquotes/csquotes.def
File: csquotes.def 2021-02-22 v5.2l csquotes generic definitions (JAW)
)
Package csquotes Info: Trying to load configuration file 'csquotes.cfg'...
Package csquotes Info: ... configuration file loaded successfully.

(/usr/share/texlive/texmf-dist/tex/latex/csquotes/csquotes.cfg
File: csquotes.cfg 
))
(/usr/share/texlive/texmf-dist/tex/latex/tcolorbox/tcolorbox.sty
Package: tcolorbox 2022/01/07 version 5.0.2 text color boxes

(/usr/share/texlive/texmf-dist/tex/latex/tools/verbatim.sty
Package: verbatim 2020-07-07 v1.5u LaTeX2e package for verbatim enhancements
\every@verbatim=\toks52
\verbatim@line=\toks53
\verbatim@in@stream=\read7
)
(/usr/share/texlive/texmf-dist/tex/latex/environ/environ.sty
Package: environ 2014/05/04 v0.3 A new way to define environments

(/usr/share/texlive/texmf-dist/tex/latex/trimspaces/trimspaces.sty
Package: trimspaces 2009/09/17 v1.1 Trim spaces around a token list
))
\tcb@titlebox=\box83
\tcb@upperbox=\box84
\tcb@lowerbox=\box85
\tcb@phantombox=\box86
\c@tcbbreakpart=\count496
\c@tcblayer=\count497
\c@tcolorbox@number=\count498
\tcb@temp=\box87
\tcb@temp=\box88
\tcb@temp=\box89
\tcb@temp=\box90
)
(/usr/share/texlive/texmf-dist/tex/latex/tcolorbox/tcbraster.code.tex
Library (tcolorbox): 'tcbraster.code.tex' version '5.0.2'
\c@tcbrastercolumn=\count499
\c@tcbrasterrow=\count500
\c@tcbrasternum=\count501
\c@tcbraster=\count502
) (/usr/share/texlive/texmf-dist/tex/latex/tcolorbox/tcbskins.code.tex
Library (tcolorbox): 'tcbskins.code.tex' version '5.0.2'
\tcb@waterbox=\box91
(/usr/share/texlive/texmf-dist/tex/latex/tcolorbox/tcbskinsjigsaw.code.tex
Library (tcolorbox): 'tcbskinsjigsaw.code.tex' version '5.0.2'
)) (/usr/share/texlive/texmf-dist/tex/latex/tcolorbox/tcbbreakable.code.tex
Library (tcolorbox): 'tcbbreakable.code.tex' version '5.0.2'
(/usr/share/texlive/texmf-dist/tex/generic/oberdiek/pdfcol.sty
Package: pdfcol 2019/12/29 v1.6 Handle new color stacks for pdfTeX (HO)
)
Package pdfcol Info: New color stack `tcb@breakable' = 1 on input line 23.
\tcb@testbox=\box92
\tcb@totalupperbox=\box93
\tcb@totallowerbox=\box94
)
(/usr/share/texlive/texmf-dist/tex/latex/tcolorbox/tcbhooks.code.tex
Library (tcolorbox): 'tcbhooks.code.tex' version '5.0.2'
) (/usr/share/texlive/texmf-dist/tex/latex/tcolorbox/tcbtheorems.code.tex
Library (tcolorbox): 'tcbtheorems.code.tex' version '5.0.2'
) (/usr/share/texlive/texmf-dist/tex/latex/tcolorbox/tcbfitting.code.tex
Library (tcolorbox): 'tcbfitting.code.tex' version '5.0.2'
\tcbfitdim=\dimen324
\tcb@lowerfitdim=\dimen325
\tcb@upperfitdim=\dimen326
\tcb@cur@hbadness=\count503
) (/usr/share/texlive/texmf-dist/tex/latex/tcolorbox/tcbxparse.code.tex
Library (tcolorbox): 'tcbxparse.code.tex' version '5.0.2'
) (/usr/share/texlive/texmf-dist/tex/latex/tcolorbox/tcblistingsutf8.code.tex
Library (tcolorbox): 'tcblistingsutf8.code.tex' version '5.0.2'
(/usr/share/texlive/texmf-dist/tex/latex/tcolorbox/tcblistings.code.tex
Library (tcolorbox): 'tcblistings.code.tex' version '5.0.2'
(/usr/share/texlive/texmf-dist/tex/latex/listings/listings.sty
\lst@mode=\count504
\lst@gtempboxa=\box95
\lst@token=\toks54
\lst@length=\count505
\lst@currlwidth=\dimen327
\lst@column=\count506
\lst@pos=\count507
\lst@lostspace=\dimen328
\lst@width=\dimen329
\lst@newlines=\count508
\lst@lineno=\count509
\lst@maxwidth=\dimen330

(/usr/share/texlive/texmf-dist/tex/latex/listings/lstmisc.sty
File: lstmisc.sty 2020/03/24 1.8d (Carsten Heinz)
\c@lstnumber=\count510
\lst@skipnumbers=\count511
\lst@framebox=\box96
)
(/usr/share/texlive/texmf-dist/tex/latex/listings/listings.cfg
File: listings.cfg 2020/03/24 1.8d listings configuration
))
Package: listings 2020/03/24 1.8d (Carsten Heinz)

(/usr/share/texlive/texmf-dist/tex/latex/tcolorbox/tcblistingscore.code.tex
Library (tcolorbox): 'tcblistingscore.code.tex' version '5.0.2'
(/usr/share/texlive/texmf-dist/tex/latex/tcolorbox/tcbprocessing.code.tex
Library (tcolorbox): 'tcbprocessing.code.tex' version '5.0.2'
)
\c@tcblisting=\count512
)) (/usr/share/texlive/texmf-dist/tex/latex/listingsutf8/listingsutf8.sty
Package: listingsutf8 2019-12-10 v1.5 Allow UTF-8 in listings input (HO)

(/usr/share/texlive/texmf-dist/tex/generic/stringenc/stringenc.sty
Package: stringenc 2019/11/29 v1.12 Convert strings between diff. encodings (HO
)
)))
(/usr/share/texlive/texmf-dist/tex/latex/tcolorbox/tcbexternal.code.tex
Library (tcolorbox): 'tcbexternal.code.tex' version '5.0.2'
) (/usr/share/texlive/texmf-dist/tex/latex/tcolorbox/tcbmagazine.code.tex
Library (tcolorbox): 'tcbmagazine.code.tex' version '5.0.2'
) (/usr/share/texlive/texmf-dist/tex/latex/tcolorbox/tcbvignette.code.tex
Library (tcolorbox): 'tcbvignette.code.tex' version '5.0.2'

(/usr/share/texlive/texmf-dist/tex/generic/pgf/frontendlayer/tikz/libraries/tik
zlibraryfadings.code.tex
File: tikzlibraryfadings.code.tex 2021/05/15 v3.1.9a (3.1.9a)

(/usr/share/texlive/texmf-dist/tex/generic/pgf/libraries/pgflibraryfadings.code
.tex
File: pgflibraryfadings.code.tex 2021/05/15 v3.1.9a (3.1.9a)
))) (/usr/share/texlive/texmf-dist/tex/latex/tcolorbox/tcbposter.code.tex
Library (tcolorbox): 'tcbposter.code.tex' version '5.0.2'
) (/usr/share/texlive/texmf-dist/tex/latex/wasysym/wasysym.sty
Package: wasysym 2020/01/19 v2.4 Wasy-2 symbol support package
\symwasy=\mathgroup6
LaTeX Font Info:    Overwriting symbol font `wasy' in version `bold'
(Font)                  U/wasy/m/n --> U/wasy/b/n on input line 93.
)
(/usr/share/texlive/texmf-dist/tex/latex/fontawesome/fontawesome.sty
Package: fontawesome 2016/05/15 v4.6.3.1 font awesome icons

(/usr/share/texlive/texmf-dist/tex/generic/iftex/ifxetex.sty
Package: ifxetex 2019/10/25 v0.7 ifxetex legacy package. Use iftex instead.
)
(/usr/share/texlive/texmf-dist/tex/latex/fontawesome/fontawesomesymbols-generic
.tex)
(/usr/share/texlive/texmf-dist/tex/latex/fontawesome/fontawesomesymbols-pdftex.
tex))
runsystem(which pygmentize && touch book.aex)...executed.

runsystem(rm book.aex)...executed.

Package csquotes Info: Checking for multilingual support...
Package csquotes Info: ... found 'babel' package.
Package csquotes Info: Adjusting default style.
Package csquotes Info: Redefining alias 'default' -> 'english'.
 (./book.aux)
\openout1 = `book.aux'.

LaTeX Font Info:    Checking defaults for OML/cmm/m/it on input line 187.
LaTeX Font Info:    ... okay on input line 187.
LaTeX Font Info:    Checking defaults for OMS/cmsy/m/n on input line 187.
LaTeX Font Info:    ... okay on input line 187.
LaTeX Font Info:    Checking defaults for OT1/cmr/m/n on input line 187.
LaTeX Font Info:    ... okay on input line 187.
LaTeX Font Info:    Checking defaults for T1/cmr/m/n on input line 187.
LaTeX Font Info:    ... okay on input line 187.
LaTeX Font Info:    Checking defaults for TS1/cmr/m/n on input line 187.
LaTeX Font Info:    ... okay on input line 187.
LaTeX Font Info:    Checking defaults for OMX/cmex/m/n on input line 187.
LaTeX Font Info:    ... okay on input line 187.
LaTeX Font Info:    Checking defaults for U/cmr/m/n on input line 187.
LaTeX Font Info:    ... okay on input line 187.
LaTeX Font Info:    Checking defaults for PD1/pdf/m/n on input line 187.
LaTeX Font Info:    ... okay on input line 187.
LaTeX Font Info:    Checking defaults for PU/pdf/m/n on input line 187.
LaTeX Font Info:    ... okay on input line 187.

*geometry* driver: auto-detecting
*geometry* detected driver: pdftex
*geometry* verbose mode - [ preamble ] result:
* driver: pdftex
* paper: a4paper
* layout: <same size as paper>
* layoutoffset:(h,v)=(0.0pt,0.0pt)
* modes: twoside 
* h-part:(L,W,R)=(90.3375pt, 434.90039pt, 72.26999pt)
* v-part:(T,H,B)=(72.26999pt, 700.50687pt, 72.26999pt)
* \paperwidth=597.50787pt
* \paperheight=845.04684pt
* \textwidth=434.90039pt
* \textheight=700.50687pt
* \oddsidemargin=18.0675pt
* \evensidemargin=0.0pt
* \topmargin=-34.8738pt
* \headheight=15.0pt
* \headsep=19.8738pt
* \topskip=12.0pt
* \footskip=30.0pt
* \marginparwidth=88.0pt
* \marginparsep=7.0pt
* \columnsep=10.0pt
* \skip\footins=10.8pt plus 4.0pt minus 2.0pt
* \hoffset=0.0pt
* \voffset=0.0pt
* \mag=1000
* \@twocolumnfalse
* \@twosidetrue
* \@mparswitchtrue
* \@reversemarginfalse
* (1in=72.27pt=25.4mm, 1cm=28.453pt)

(/usr/share/texlive/texmf-dist/tex/context/base/mkii/supp-pdf.mkii
[Loading MPS to PDF converter (version 2006.09.02).]
\scratchcounter=\count513
\scratchdimen=\dimen331
\scratchbox=\box97
\nofMPsegments=\count514
\nofMParguments=\count515
\everyMPshowfont=\toks55
\MPscratchCnt=\count516
\MPscratchDim=\dimen332
\MPnumerator=\count517
\makeMPintoPDFobject=\count518
\everyMPtoPDFconversion=\toks56
) (/usr/share/texlive/texmf-dist/tex/latex/epstopdf-pkg/epstopdf-base.sty
Package: epstopdf-base 2020-01-24 v2.11 Base part for package epstopdf
Package epstopdf-base Info: Redefining graphics rule for `.eps' on input line 4
85.

(/usr/share/texlive/texmf-dist/tex/latex/latexconfig/epstopdf-sys.cfg
File: epstopdf-sys.cfg 2010/07/13 v1.3 Configuration of (r)epstopdf for TeX Liv
e
))
Package biblatex Info: Trying to load language 'english'...
Package biblatex Info: ... file 'english.lbx' found.

(/usr/share/texlive/texmf-dist/tex/latex/biblatex/lbx/english.lbx
File: english.lbx 2022/02/02 v3.17 biblatex localization (PK/MW)
)
Package biblatex Info: Input encoding 'utf8' detected.
Package biblatex Info: Automatic encoding selection.
(biblatex)             Assuming data encoding 'utf8'.
\openout6 = `book.bcf'.

Package biblatex Info: Trying to load bibliographic data...
Package biblatex Info: ... file 'book.bbl' found.
 (./book.bbl)
Package biblatex Info: Reference section=0 on input line 187.
Package biblatex Info: Reference segment=0 on input line 187.
Package hyperref Info: Link coloring ON on input line 187.
(/usr/share/texlive/texmf-dist/tex/latex/hyperref/nameref.sty
Package: nameref 2021-04-02 v2.47 Cross-referencing by name of section

(/usr/share/texlive/texmf-dist/tex/latex/refcount/refcount.sty
Package: refcount 2019/12/15 v3.6 Data extraction from label references (HO)
)
(/usr/share/texlive/texmf-dist/tex/generic/gettitlestring/gettitlestring.sty
Package: gettitlestring 2019/12/15 v1.6 Cleanup title references (HO)
)
\c@section@level=\count519
)
LaTeX Info: Redefining \ref on input line 187.
LaTeX Info: Redefining \pageref on input line 187.
LaTeX Info: Redefining \nameref on input line 187.

(./book.out) (./book.out)
\@outlinefile=\write7
\openout7 = `book.out'.

Package caption Info: Begin \AtBeginDocument code.
Package caption Info: listings package is loaded.
Package caption Info: End \AtBeginDocument code.
\c@lstlisting=\count520
LaTeX Font Info:    Trying to load font information for U+msa on input line 197
.

(/usr/share/texlive/texmf-dist/tex/latex/amsfonts/umsa.fd
File: umsa.fd 2013/01/14 v3.01 AMS symbols A
)
LaTeX Font Info:    Trying to load font information for U+msb on input line 197
.

(/usr/share/texlive/texmf-dist/tex/latex/amsfonts/umsb.fd
File: umsb.fd 2013/01/14 v3.01 AMS symbols B
)
LaTeX Font Info:    Trying to load font information for U+wasy on input line 19
7.

(/usr/share/texlive/texmf-dist/tex/latex/wasysym/uwasy.fd
File: uwasy.fd 2020/01/19 v2.4 Wasy-2 symbol font definitions
) [1



{/var/lib/texmf/fonts/map/pdftex/updmap/pdftex.map}]
<figures//logo.png, id=111, 307.0672pt x 134.1813pt>
File: figures//logo.png Graphic file (type png)
<use figures//logo.png>
Package pdftex.def Info: figures//logo.png  used on input line 204.
(pdftex.def)             Requested size: 284.52756pt x 124.33278pt.
 [2 <./figures//logo.png>]
LaTeX Font Info:    Trying to load font information for T1+cmtt on input line 2
17.

(/usr/share/texlive/texmf-dist/tex/latex/base/t1cmtt.fd
File: t1cmtt.fd 2019/12/16 v2.5j Standard LaTeX font definitions
) [3

]
LaTeX Font Info:    Trying to load font information for U+fontawesometwo on inp
ut line 226.

(/usr/share/texlive/texmf-dist/tex/latex/fontawesome/ufontawesometwo.fd
File: ufontawesometwo.fd 2016/05/22 Font definitions for U/fontawesometwo.
)

LaTeX Font Warning: Font shape `U/fontawesometwo/m/it' undefined
(Font)              using `U/fontawesometwo/m/n' instead on input line 226.

[4

] (./book.toc)
\tf@toc=\write8
\openout8 = `book.toc'.

 [5


] [6

] (./book.lof)
\tf@lof=\write9
\openout9 = `book.lof'.

 [7] [8

] (./book.lot)
\tf@lot=\write10
\openout10 = `book.lot'.

 [9] [10

]
Chapter 1.
<figures//pingouins.png, id=200, 699.61375pt x 718.685pt>
File: figures//pingouins.png Graphic file (type png)
<use figures//pingouins.png>
Package pdftex.def Info: figures//pingouins.png  used on input line 267.
(pdftex.def)             Requested size: 173.95749pt x 178.69481pt.
<figures//yolah_initial_configuration.png, id=202, 883.3pt x 883.3pt>
File: figures//yolah_initial_configuration.png Graphic file (type png)
<use figures//yolah_initial_configuration.png>
Package pdftex.def Info: figures//yolah_initial_configuration.png  used on inpu
t line 287.
(pdftex.def)             Requested size: 304.42894pt x 304.42883pt.

Underfull \hbox (badness 10000) in paragraph at lines 299--304

 []

[1

 <./figures//pingouins.png>]

pdfTeX warning: pdflatex (file ./figures//yolah_moves1.pdf): PDF inclusion: fou
nd PDF version <1.6>, but at most version <1.5> allowed
<figures//yolah_moves1.pdf, id=213, 597.6786pt x 597.6786pt>
File: figures//yolah_moves1.pdf Graphic file (type pdf)
<use figures//yolah_moves1.pdf>
Package pdftex.def Info: figures//yolah_moves1.pdf  used on input line 307.
(pdftex.def)             Requested size: 291.38246pt x 291.38766pt.

Underfull \hbox (badness 10000) in paragraph at lines 315--316

 []

<figures//yolah_moves2.png, id=215, 883.3pt x 883.3pt>
File: figures//yolah_moves2.png Graphic file (type png)
<use figures//yolah_moves2.png>
Package pdftex.def Info: figures//yolah_moves2.png  used on input line 319.
(pdftex.def)             Requested size: 260.94289pt x 260.93515pt.

Underfull \hbox (badness 10000) in paragraph at lines 327--328

 []



pdfTeX warning: pdflatex (file ./figures//yolah_moves3.pdf): PDF inclusion: fou
nd PDF version <1.6>, but at most version <1.5> allowed
<figures//yolah_moves3.pdf, id=219, 597.6786pt x 597.6786pt>
File: figures//yolah_moves3.pdf Graphic file (type pdf)
<use figures//yolah_moves3.pdf>
Package pdftex.def Info: figures//yolah_moves3.pdf  used on input line 337.
(pdftex.def)             Requested size: 291.38246pt x 291.38766pt.
<figures//yolah_moves4.png, id=220, 883.3pt x 883.3pt>
File: figures//yolah_moves4.png Graphic file (type png)
<use figures//yolah_moves4.png>
Package pdftex.def Info: figures//yolah_moves4.png  used on input line 345.
(pdftex.def)             Requested size: 260.94289pt x 260.93515pt.
[2 <./figures//yolah_initial_configuration.png (PNG copy)>] [3 <./figures//yola
h_moves1.pdf> <./figures//yolah_moves2.png (PNG copy)>] [4 <./figures//yolah_mo
ves3.pdf> <./figures//yolah_moves4.png (PNG copy)>]
Underfull \hbox (badness 10000) in paragraph at lines 385--386

 []


Underfull \hbox (badness 10000) in paragraph at lines 389--390

 []


Underfull \hbox (badness 10000) in paragraph at lines 393--394

 []

<figures//board.png, id=250, 883.3pt x 883.3pt>
File: figures//board.png Graphic file (type png)
<use figures//board.png>
Package pdftex.def Info: figures//board.png  used on input line 403.
(pdftex.def)             Requested size: 104.37848pt x 104.37405pt.
<figures//yolah_game_example_move1.png, id=251, 883.3pt x 883.3pt>
File: figures//yolah_game_example_move1.png Graphic file (type png)
<use figures//yolah_game_example_move1.png>
Package pdftex.def Info: figures//yolah_game_example_move1.png  used on input l
ine 411.
(pdftex.def)             Requested size: 104.37848pt x 104.37405pt.
<figures//yolah_game_example_move2.png, id=252, 883.3pt x 883.3pt>
File: figures//yolah_game_example_move2.png Graphic file (type png)
<use figures//yolah_game_example_move2.png>
Package pdftex.def Info: figures//yolah_game_example_move2.png  used on input l
ine 419.
(pdftex.def)             Requested size: 104.37848pt x 104.37405pt.
<figures//yolah_game_example_move3.png, id=253, 883.3pt x 883.3pt>
File: figures//yolah_game_example_move3.png Graphic file (type png)
<use figures//yolah_game_example_move3.png>
Package pdftex.def Info: figures//yolah_game_example_move3.png  used on input l
ine 427.
(pdftex.def)             Requested size: 104.37848pt x 104.37405pt.
<figures//yolah_game_example_move4.png, id=254, 883.3pt x 883.3pt>
File: figures//yolah_game_example_move4.png Graphic file (type png)
<use figures//yolah_game_example_move4.png>
Package pdftex.def Info: figures//yolah_game_example_move4.png  used on input l
ine 435.
(pdftex.def)             Requested size: 104.37848pt x 104.37405pt.
<figures//yolah_game_example_move5.png, id=255, 883.3pt x 883.3pt>
File: figures//yolah_game_example_move5.png Graphic file (type png)
<use figures//yolah_game_example_move5.png>
Package pdftex.def Info: figures//yolah_game_example_move5.png  used on input l
ine 443.
(pdftex.def)             Requested size: 104.37848pt x 104.37405pt.
<figures//yolah_game_example_move6.png, id=256, 883.3pt x 883.3pt>
File: figures//yolah_game_example_move6.png Graphic file (type png)
<use figures//yolah_game_example_move6.png>
Package pdftex.def Info: figures//yolah_game_example_move6.png  used on input l
ine 451.
(pdftex.def)             Requested size: 104.37848pt x 104.37405pt.
<figures//yolah_game_example_move7.png, id=257, 883.3pt x 883.3pt>
File: figures//yolah_game_example_move7.png Graphic file (type png)
<use figures//yolah_game_example_move7.png>
Package pdftex.def Info: figures//yolah_game_example_move7.png  used on input l
ine 459.
(pdftex.def)             Requested size: 104.37848pt x 104.37405pt.
<figures//yolah_game_example_move8.png, id=258, 883.3pt x 883.3pt>
File: figures//yolah_game_example_move8.png Graphic file (type png)
<use figures//yolah_game_example_move8.png>
Package pdftex.def Info: figures//yolah_game_example_move8.png  used on input l
ine 467.
(pdftex.def)             Requested size: 104.37848pt x 104.37405pt.
<figures//yolah_game_example_move9.png, id=259, 883.3pt x 883.3pt>
File: figures//yolah_game_example_move9.png Graphic file (type png)
<use figures//yolah_game_example_move9.png>
Package pdftex.def Info: figures//yolah_game_example_move9.png  used on input l
ine 475.
(pdftex.def)             Requested size: 104.37848pt x 104.37405pt.
<figures//yolah_game_example_move10.png, id=260, 883.3pt x 883.3pt>
File: figures//yolah_game_example_move10.png Graphic file (type png)
<use figures//yolah_game_example_move10.png>
Package pdftex.def Info: figures//yolah_game_example_move10.png  used on input 
line 483.
(pdftex.def)             Requested size: 104.37848pt x 104.37405pt.
<figures//yolah_game_example_move11.png, id=261, 883.3pt x 883.3pt>
File: figures//yolah_game_example_move11.png Graphic file (type png)
<use figures//yolah_game_example_move11.png>
Package pdftex.def Info: figures//yolah_game_example_move11.png  used on input 
line 491.
(pdftex.def)             Requested size: 104.37848pt x 104.37405pt.
<figures//yolah_game_example_move12.png, id=262, 883.3pt x 883.3pt>
File: figures//yolah_game_example_move12.png Graphic file (type png)
<use figures//yolah_game_example_move12.png>
Package pdftex.def Info: figures//yolah_game_example_move12.png  used on input 
line 499.
(pdftex.def)             Requested size: 104.37848pt x 104.37405pt.
<figures//yolah_game_example_move13.png, id=263, 883.3pt x 883.3pt>
File: figures//yolah_game_example_move13.png Graphic file (type png)
<use figures//yolah_game_example_move13.png>
Package pdftex.def Info: figures//yolah_game_example_move13.png  used on input 
line 507.
(pdftex.def)             Requested size: 104.37848pt x 104.37405pt.
<figures//yolah_game_example_move14.png, id=264, 883.3pt x 883.3pt>
File: figures//yolah_game_example_move14.png Graphic file (type png)
<use figures//yolah_game_example_move14.png>
Package pdftex.def Info: figures//yolah_game_example_move14.png  used on input 
line 515.
(pdftex.def)             Requested size: 104.37848pt x 104.37405pt.
<figures//yolah_game_example_move15.png, id=265, 883.3pt x 883.3pt>
File: figures//yolah_game_example_move15.png Graphic file (type png)
<use figures//yolah_game_example_move15.png>
Package pdftex.def Info: figures//yolah_game_example_move15.png  used on input 
line 523.
(pdftex.def)             Requested size: 104.37848pt x 104.37405pt.
<figures//yolah_game_example_move16.png, id=266, 883.3pt x 883.3pt>
File: figures//yolah_game_example_move16.png Graphic file (type png)
<use figures//yolah_game_example_move16.png>
Package pdftex.def Info: figures//yolah_game_example_move16.png  used on input 
line 531.
(pdftex.def)             Requested size: 104.37848pt x 104.37405pt.
<figures//yolah_game_example_move17.png, id=267, 883.3pt x 883.3pt>
File: figures//yolah_game_example_move17.png Graphic file (type png)
<use figures//yolah_game_example_move17.png>
Package pdftex.def Info: figures//yolah_game_example_move17.png  used on input 
line 539.
(pdftex.def)             Requested size: 104.37848pt x 104.37405pt.
<figures//yolah_game_example_move18.png, id=268, 883.3pt x 883.3pt>
File: figures//yolah_game_example_move18.png Graphic file (type png)
<use figures//yolah_game_example_move18.png>
Package pdftex.def Info: figures//yolah_game_example_move18.png  used on input 
line 547.
(pdftex.def)             Requested size: 104.37848pt x 104.37405pt.
<figures//yolah_game_example_move19.png, id=269, 883.3pt x 883.3pt>
File: figures//yolah_game_example_move19.png Graphic file (type png)
<use figures//yolah_game_example_move19.png>
Package pdftex.def Info: figures//yolah_game_example_move19.png  used on input 
line 555.
(pdftex.def)             Requested size: 104.37848pt x 104.37405pt.
<figures//yolah_game_example_move20.png, id=270, 883.3pt x 883.3pt>
File: figures//yolah_game_example_move20.png Graphic file (type png)
<use figures//yolah_game_example_move20.png>
Package pdftex.def Info: figures//yolah_game_example_move20.png  used on input 
line 571.
(pdftex.def)             Requested size: 104.37848pt x 104.37405pt.
<figures//yolah_game_example_move21.png, id=271, 883.3pt x 883.3pt>
File: figures//yolah_game_example_move21.png Graphic file (type png)
<use figures//yolah_game_example_move21.png>
Package pdftex.def Info: figures//yolah_game_example_move21.png  used on input 
line 579.
(pdftex.def)             Requested size: 104.37848pt x 104.37405pt.
<figures//yolah_game_example_move22.png, id=272, 883.3pt x 883.3pt>
File: figures//yolah_game_example_move22.png Graphic file (type png)
<use figures//yolah_game_example_move22.png>
Package pdftex.def Info: figures//yolah_game_example_move22.png  used on input 
line 587.
(pdftex.def)             Requested size: 104.37848pt x 104.37405pt.
<figures//yolah_game_example_move23.png, id=273, 883.3pt x 883.3pt>
File: figures//yolah_game_example_move23.png Graphic file (type png)
<use figures//yolah_game_example_move23.png>
Package pdftex.def Info: figures//yolah_game_example_move23.png  used on input 
line 595.
(pdftex.def)             Requested size: 104.37848pt x 104.37405pt.
<figures//yolah_game_example_move24.png, id=274, 883.3pt x 883.3pt>
File: figures//yolah_game_example_move24.png Graphic file (type png)
<use figures//yolah_game_example_move24.png>
Package pdftex.def Info: figures//yolah_game_example_move24.png  used on input 
line 603.
(pdftex.def)             Requested size: 104.37848pt x 104.37405pt.
<figures//yolah_game_example_move25.png, id=275, 883.3pt x 883.3pt>
File: figures//yolah_game_example_move25.png Graphic file (type png)
<use figures//yolah_game_example_move25.png>
Package pdftex.def Info: figures//yolah_game_example_move25.png  used on input 
line 611.
(pdftex.def)             Requested size: 104.37848pt x 104.37405pt.
<figures//yolah_game_example_move26.png, id=276, 883.3pt x 883.3pt>
File: figures//yolah_game_example_move26.png Graphic file (type png)
<use figures//yolah_game_example_move26.png>
Package pdftex.def Info: figures//yolah_game_example_move26.png  used on input 
line 619.
(pdftex.def)             Requested size: 104.37848pt x 104.37405pt.
<figures//yolah_game_example_move27.png, id=277, 883.3pt x 883.3pt>
File: figures//yolah_game_example_move27.png Graphic file (type png)
<use figures//yolah_game_example_move27.png>
Package pdftex.def Info: figures//yolah_game_example_move27.png  used on input 
line 627.
(pdftex.def)             Requested size: 104.37848pt x 104.37405pt.
<figures//yolah_game_example_move28.png, id=278, 883.3pt x 883.3pt>
File: figures//yolah_game_example_move28.png Graphic file (type png)
<use figures//yolah_game_example_move28.png>
Package pdftex.def Info: figures//yolah_game_example_move28.png  used on input 
line 635.
(pdftex.def)             Requested size: 104.37848pt x 104.37405pt.
<figures//yolah_game_example_move29.png, id=279, 883.3pt x 883.3pt>
File: figures//yolah_game_example_move29.png Graphic file (type png)
<use figures//yolah_game_example_move29.png>
Package pdftex.def Info: figures//yolah_game_example_move29.png  used on input 
line 643.
(pdftex.def)             Requested size: 104.37848pt x 104.37405pt.
<figures//yolah_game_example_move30.png, id=280, 883.3pt x 883.3pt>
File: figures//yolah_game_example_move30.png Graphic file (type png)
<use figures//yolah_game_example_move30.png>
Package pdftex.def Info: figures//yolah_game_example_move30.png  used on input 
line 651.
(pdftex.def)             Requested size: 104.37848pt x 104.37405pt.
<figures//yolah_game_example_move31.png, id=281, 883.3pt x 883.3pt>
File: figures//yolah_game_example_move31.png Graphic file (type png)
<use figures//yolah_game_example_move31.png>
Package pdftex.def Info: figures//yolah_game_example_move31.png  used on input 
line 659.
(pdftex.def)             Requested size: 104.37848pt x 104.37405pt.
<figures//yolah_game_example_move32.png, id=282, 883.3pt x 883.3pt>
File: figures//yolah_game_example_move32.png Graphic file (type png)
<use figures//yolah_game_example_move32.png>
Package pdftex.def Info: figures//yolah_game_example_move32.png  used on input 
line 667.
(pdftex.def)             Requested size: 104.37848pt x 104.37405pt.
<figures//yolah_game_example_move33.png, id=283, 883.3pt x 883.3pt>
File: figures//yolah_game_example_move33.png Graphic file (type png)
<use figures//yolah_game_example_move33.png>
Package pdftex.def Info: figures//yolah_game_example_move33.png  used on input 
line 675.
(pdftex.def)             Requested size: 104.37848pt x 104.37405pt.
<figures//yolah_game_example_move34.png, id=284, 883.3pt x 883.3pt>
File: figures//yolah_game_example_move34.png Graphic file (type png)
<use figures//yolah_game_example_move34.png>
Package pdftex.def Info: figures//yolah_game_example_move34.png  used on input 
line 683.
(pdftex.def)             Requested size: 104.37848pt x 104.37405pt.
<figures//yolah_game_example_move35.png, id=285, 883.3pt x 883.3pt>
File: figures//yolah_game_example_move35.png Graphic file (type png)
<use figures//yolah_game_example_move35.png>
Package pdftex.def Info: figures//yolah_game_example_move35.png  used on input 
line 691.
(pdftex.def)             Requested size: 104.37848pt x 104.37405pt.
<figures//yolah_game_example_move36.png, id=286, 883.3pt x 883.3pt>
File: figures//yolah_game_example_move36.png Graphic file (type png)
<use figures//yolah_game_example_move36.png>
Package pdftex.def Info: figures//yolah_game_example_move36.png  used on input 
line 699.
(pdftex.def)             Requested size: 104.37848pt x 104.37405pt.
<figures//yolah_game_example_move37.png, id=287, 883.3pt x 883.3pt>
File: figures//yolah_game_example_move37.png Graphic file (type png)
<use figures//yolah_game_example_move37.png>
Package pdftex.def Info: figures//yolah_game_example_move37.png  used on input 
line 707.
(pdftex.def)             Requested size: 104.37848pt x 104.37405pt.
<figures//yolah_game_example_move38.png, id=288, 883.3pt x 883.3pt>
File: figures//yolah_game_example_move38.png Graphic file (type png)
<use figures//yolah_game_example_move38.png>
Package pdftex.def Info: figures//yolah_game_example_move38.png  used on input 
line 715.
(pdftex.def)             Requested size: 104.37848pt x 104.37405pt.
<figures//yolah_game_example_move39.png, id=289, 883.3pt x 883.3pt>
File: figures//yolah_game_example_move39.png Graphic file (type png)
<use figures//yolah_game_example_move39.png>
Package pdftex.def Info: figures//yolah_game_example_move39.png  used on input 
line 723.
(pdftex.def)             Requested size: 104.37848pt x 104.37405pt.
<figures//yolah_game_example_move40.png, id=290, 883.3pt x 883.3pt>
File: figures//yolah_game_example_move40.png Graphic file (type png)
<use figures//yolah_game_example_move40.png>
Package pdftex.def Info: figures//yolah_game_example_move40.png  used on input 
line 740.
(pdftex.def)             Requested size: 104.37848pt x 104.37405pt.
<figures//yolah_game_example_move41.png, id=291, 883.3pt x 883.3pt>
File: figures//yolah_game_example_move41.png Graphic file (type png)
<use figures//yolah_game_example_move41.png>
Package pdftex.def Info: figures//yolah_game_example_move41.png  used on input 
line 748.
(pdftex.def)             Requested size: 104.37848pt x 104.37405pt.
<figures//yolah_game_example_move42.png, id=292, 883.3pt x 883.3pt>
File: figures//yolah_game_example_move42.png Graphic file (type png)
<use figures//yolah_game_example_move42.png>
Package pdftex.def Info: figures//yolah_game_example_move42.png  used on input 
line 756.
(pdftex.def)             Requested size: 104.37848pt x 104.37405pt.
<figures//yolah_game_example_move43.png, id=293, 883.3pt x 883.3pt>
File: figures//yolah_game_example_move43.png Graphic file (type png)
<use figures//yolah_game_example_move43.png>
Package pdftex.def Info: figures//yolah_game_example_move43.png  used on input 
line 764.
(pdftex.def)             Requested size: 104.37848pt x 104.37405pt.
<figures//yolah_game_example_move44.png, id=294, 883.3pt x 883.3pt>
File: figures//yolah_game_example_move44.png Graphic file (type png)
<use figures//yolah_game_example_move44.png>
Package pdftex.def Info: figures//yolah_game_example_move44.png  used on input 
line 772.
(pdftex.def)             Requested size: 104.37848pt x 104.37405pt.
<figures//yolah_game_example_move45.png, id=295, 883.3pt x 883.3pt>
File: figures//yolah_game_example_move45.png Graphic file (type png)
<use figures//yolah_game_example_move45.png>
Package pdftex.def Info: figures//yolah_game_example_move45.png  used on input 
line 780.
(pdftex.def)             Requested size: 104.37848pt x 104.37405pt.
<figures//yolah_game_example_move46.png, id=296, 883.3pt x 883.3pt>
File: figures//yolah_game_example_move46.png Graphic file (type png)
<use figures//yolah_game_example_move46.png>
Package pdftex.def Info: figures//yolah_game_example_move46.png  used on input 
line 788.
(pdftex.def)             Requested size: 104.37848pt x 104.37405pt.
<figures//yolah_game_example_move47.png, id=297, 883.3pt x 883.3pt>
File: figures//yolah_game_example_move47.png Graphic file (type png)
<use figures//yolah_game_example_move47.png>
Package pdftex.def Info: figures//yolah_game_example_move47.png  used on input 
line 796.
(pdftex.def)             Requested size: 104.37848pt x 104.37405pt.
<figures//yolah_game_example_move48.png, id=298, 883.3pt x 883.3pt>
File: figures//yolah_game_example_move48.png Graphic file (type png)
<use figures//yolah_game_example_move48.png>
Package pdftex.def Info: figures//yolah_game_example_move48.png  used on input 
line 804.
(pdftex.def)             Requested size: 104.37848pt x 104.37405pt.
<figures//yolah_game_example_move49.png, id=299, 883.3pt x 883.3pt>
File: figures//yolah_game_example_move49.png Graphic file (type png)
<use figures//yolah_game_example_move49.png>
Package pdftex.def Info: figures//yolah_game_example_move49.png  used on input 
line 812.
(pdftex.def)             Requested size: 104.37848pt x 104.37405pt.
<figures//yolah_game_example_move50.png, id=300, 883.3pt x 883.3pt>
File: figures//yolah_game_example_move50.png Graphic file (type png)
<use figures//yolah_game_example_move50.png>
Package pdftex.def Info: figures//yolah_game_example_move50.png  used on input 
line 820.
(pdftex.def)             Requested size: 104.37848pt x 104.37405pt.
<figures//yolah_game_example_move51.png, id=301, 883.3pt x 883.3pt>
File: figures//yolah_game_example_move51.png Graphic file (type png)
<use figures//yolah_game_example_move51.png>
Package pdftex.def Info: figures//yolah_game_example_move51.png  used on input 
line 828.
(pdftex.def)             Requested size: 104.37848pt x 104.37405pt.
<figures//yolah_game_example_move52.png, id=302, 883.3pt x 883.3pt>
File: figures//yolah_game_example_move52.png Graphic file (type png)
<use figures//yolah_game_example_move52.png>
Package pdftex.def Info: figures//yolah_game_example_move52.png  used on input 
line 836.
(pdftex.def)             Requested size: 104.37848pt x 104.37405pt.
<figures//yolah_game_example_move53.png, id=303, 883.3pt x 883.3pt>
File: figures//yolah_game_example_move53.png Graphic file (type png)
<use figures//yolah_game_example_move53.png>
Package pdftex.def Info: figures//yolah_game_example_move53.png  used on input 
line 844.
(pdftex.def)             Requested size: 104.37848pt x 104.37405pt.
<figures//yolah_game_example_move54.png, id=304, 883.3pt x 883.3pt>
File: figures//yolah_game_example_move54.png Graphic file (type png)
<use figures//yolah_game_example_move54.png>
Package pdftex.def Info: figures//yolah_game_example_move54.png  used on input 
line 852.
(pdftex.def)             Requested size: 104.37848pt x 104.37405pt.
<figures//yolah_game_example_move55.png, id=305, 883.3pt x 883.3pt>
File: figures//yolah_game_example_move55.png Graphic file (type png)
<use figures//yolah_game_example_move55.png>
Package pdftex.def Info: figures//yolah_game_example_move55.png  used on input 
line 860.
(pdftex.def)             Requested size: 104.37848pt x 104.37405pt.
<figures//yolah_game_example_move56.png, id=306, 883.3pt x 883.3pt>
File: figures//yolah_game_example_move56.png Graphic file (type png)
<use figures//yolah_game_example_move56.png>
Package pdftex.def Info: figures//yolah_game_example_move56.png  used on input 
line 868.
(pdftex.def)             Requested size: 104.37848pt x 104.37405pt.
[5] [6 <./figures//board.png (PNG copy)> <./figures//yolah_game_example_move1.p
ng (PNG copy)> <./figures//yolah_game_example_move2.png (PNG copy)> <./figures/
/yolah_game_example_move3.png (PNG copy)> <./figures//yolah_game_example_move4.
png (PNG copy)> <./figures//yolah_game_example_move5.png (PNG copy)> <./figures
//yolah_game_example_move6.png (PNG copy)> <./figures//yolah_game_example_move7
.png (PNG copy)> <./figures//yolah_game_example_move8.png (PNG copy)> <./figure
s//yolah_game_example_move9.png (PNG copy)> <./figures//yolah_game_example_move
10.png (PNG copy)> <./figures//yolah_game_example_move11.png (PNG copy)> <./fig
ures//yolah_game_example_move12.png (PNG copy)> <./figures//yolah_game_example_
move13.png (PNG copy)> <./figures//yolah_game_example_move14.png (PNG copy)> <.
/figures//yolah_game_example_move15.png (PNG copy)> <./figures//yolah_game_exam
ple_move16.png (PNG copy)> <./figures//yolah_game_example_move17.png (PNG copy)
> <./figures//yolah_game_example_move18.png (PNG copy)> <./figures//yolah_game_
example_move19.png (PNG copy)>] [7 <./figures//yolah_game_example_move20.png (P
NG copy)> <./figures//yolah_game_example_move21.png (PNG copy)> <./figures//yol
ah_game_example_move22.png (PNG copy)> <./figures//yolah_game_example_move23.pn
g (PNG copy)> <./figures//yolah_game_example_move24.png (PNG copy)> <./figures/
/yolah_game_example_move25.png (PNG copy)> <./figures//yolah_game_example_move2
6.png (PNG copy)> <./figures//yolah_game_example_move27.png (PNG copy)> <./figu
res//yolah_game_example_move28.png (PNG copy)> <./figures//yolah_game_example_m
ove29.png (PNG copy)> <./figures//yolah_game_example_move30.png (PNG copy)> <./
figures//yolah_game_example_move31.png (PNG copy)> <./figures//yolah_game_examp
le_move32.png (PNG copy)> <./figures//yolah_game_example_move33.png (PNG copy)>
 <./figures//yolah_game_example_move34.png (PNG copy)> <./figures//yolah_game_e
xample_move35.png (PNG copy)> <./figures//yolah_game_example_move36.png (PNG co
py)> <./figures//yolah_game_example_move37.png (PNG copy)> <./figures//yolah_ga
me_example_move38.png (PNG copy)> <./figures//yolah_game_example_move39.png (PN
G copy)>] [8 <./figures//yolah_game_example_move40.png (PNG copy)> <./figures//
yolah_game_example_move41.png (PNG copy)> <./figures//yolah_game_example_move42
.png (PNG copy)> <./figures//yolah_game_example_move43.png (PNG copy)> <./figur
es//yolah_game_example_move44.png (PNG copy)> <./figures//yolah_game_example_mo
ve45.png (PNG copy)> <./figures//yolah_game_example_move46.png (PNG copy)> <./f
igures//yolah_game_example_move47.png (PNG copy)> <./figures//yolah_game_exampl
e_move48.png (PNG copy)> <./figures//yolah_game_example_move49.png (PNG copy)> 
<./figures//yolah_game_example_move50.png (PNG copy)> <./figures//yolah_game_ex
ample_move51.png (PNG copy)> <./figures//yolah_game_example_move52.png (PNG cop
y)> <./figures//yolah_game_example_move53.png (PNG copy)> <./figures//yolah_gam
e_example_move54.png (PNG copy)> <./figures//yolah_game_example_move55.png (PNG
 copy)> <./figures//yolah_game_example_move56.png (PNG copy)>]
Chapter 2.
[9

] [10

]
Chapter 3.
[11] [12

]
Chapter 4.
[13] [14

]
Chapter 5.
[15] [16

]
Chapter 6.
[17] [18

]
Chapter 7.
[19] [20

]
Chapter 8.
[21] [22

]
Chapter 9.
[23] [24

] [25

] (./book.aux)

LaTeX Font Warning: Some font shapes were not available, defaults substituted.

Package rerunfilecheck Info: File `book.out' has not changed.
(rerunfilecheck)             Checksum: A94B0D79587BC1FED44B4BCD1460E9B9;2028.
Package logreq Info: Writing requests to 'book.run.xml'.
\openout1 = `book.run.xml'.

 ) 
Here is how much of TeX's memory you used:
 45371 strings out of 478287
 909246 string characters out of 5849289
 1687654 words of memory out of 5000000
 62746 multiletter control sequences out of 15000+600000
 487496 words of font info for 78 fonts, out of 8000000 for 9000
 1141 hyphenation exceptions out of 8191
 84i,11n,82p,737b,1833s stack positions out of 5000i,500n,10000p,200000b,80000s
{/usr/share/texmf/fonts/enc/dvips/cm-super/cm-super-t1.enc}{/usr/share/texmf/
fonts/enc/dvips/cm-super/cm-super-ts1.enc}{/usr/share/texlive/texmf-dist/fonts/
enc/dvips/fontawesome/fontawesometwo.enc}</usr/share/texlive/texmf-dist/fonts/t
ype1/public/fontawesome/FontAwesome.pfb></usr/share/texmf/fonts/type1/public/cm
-super/sfbx1200.pfb></usr/share/texmf/fonts/type1/public/cm-super/sfbx1440.pfb>
</usr/share/texmf/fonts/type1/public/cm-super/sfbx1728.pfb></usr/share/texmf/fo
nts/type1/public/cm-super/sfbx2488.pfb></usr/share/texmf/fonts/type1/public/cm-
super/sfrm1095.pfb></usr/share/texmf/fonts/type1/public/cm-super/sfrm1200.pfb><
/usr/share/texmf/fonts/type1/public/cm-super/sfrm1440.pfb></usr/share/texmf/fon
ts/type1/public/cm-super/sfrm1728.pfb></usr/share/texmf/fonts/type1/public/cm-s
uper/sfti1200.pfb></usr/share/texmf/fonts/type1/public/cm-super/sftt1200.pfb></
usr/share/texmf/fonts/type1/public/cm-super/sftt2488.pfb></usr/share/texlive/te
xmf-dist/fonts/type1/public/wasy-type1/wasy10.pfb>
Output written on book.pdf (35 pages, 2459248 bytes).
PDF statistics:
 474 PDF objects out of 1000 (max. 8388607)
 315 compressed objects within 4 object streams
 64 named destinations out of 1000 (max. 500000)
 597 words of extra memory for PDF output out of 10000 (max. 10000000)

