\BOOKMARK [0][-]{chapter.1}{\376\377\000I\000n\000t\000r\000o\000d\000u\000c\000t\000i\000o\000n}{}% 1
\BOOKMARK [1][-]{section.1.1}{\376\377\000T\000h\000e\000\040\000Y\000o\000l\000a\000h\000\040\000G\000a\000m\000e}{chapter.1}% 2
\BOOKMARK [2][-]{subsection.1.1.1}{\376\377\000G\000a\000m\000e\000\040\000R\000u\000l\000e\000s}{section.1.1}% 3
\BOOKMARK [2][-]{subsection.1.1.2}{\376\377\000I\000n\000t\000e\000r\000e\000s\000t\000i\000n\000g\000\040\000C\000h\000a\000r\000a\000c\000t\000e\000r\000i\000s\000t\000i\000c\000s\000\040\000o\000f\000\040\000Y\000o\000l\000a\000h\000\040\000f\000o\000r\000\040\000D\000e\000v\000e\000l\000o\000p\000i\000n\000g\000\040\000A\000I\000s}{section.1.1}% 4
\BOOKMARK [2][-]{subsection.1.1.3}{\376\377\000G\000a\000m\000e\000\040\000E\000x\000a\000m\000p\000l\000e}{section.1.1}% 5
\BOOKMARK [2][-]{subsection.1.1.4}{\376\377\000W\000h\000a\000t\000'\000s\000\040\000N\000e\000x\000t}{section.1.1}% 6
\BOOKMARK [0][-]{chapter.2}{\376\377\000G\000a\000m\000e\000\040\000E\000n\000g\000i\000n\000e}{}% 7
\BOOKMARK [1][-]{section.2.1}{\376\377\000S\000t\000r\000u\000c\000t\000u\000r\000e\000\040\000d\000e\000\040\000d\000o\000n\000n\000\351\000e\000s}{chapter.2}% 8
\BOOKMARK [1][-]{section.2.2}{\376\377\000T\000e\000s\000t\000\040\000d\000e\000\040\000f\000i\000n\000\040\000d\000e\000\040\000p\000a\000r\000t\000i\000e}{chapter.2}% 9
\BOOKMARK [1][-]{section.2.3}{\376\377\000G\000\351\000n\000\351\000r\000a\000t\000i\000o\000n\000\040\000d\000e\000s\000\040\000m\000o\000u\000v\000e\000m\000e\000n\000t\000s\000\040\000p\000o\000s\000s\000i\000b\000l\000e\000s\000\040\000p\000o\000u\000r\000\040\000l\000e\000s\000\040\000p\000i\000\350\000c\000e\000s}{chapter.2}% 10
\BOOKMARK [1][-]{section.2.4}{\376\377\000C\000o\000d\000e\000\040\000d\000u\000\040\000p\000l\000a\000t\000e\000a\000u\000\040\000d\000e\000\040\000j\000e\000u}{chapter.2}% 11
\BOOKMARK [1][-]{section.2.5}{\376\377\000T\000e\000s\000t\000\040\000a\000v\000e\000c\000\040\000d\000e\000s\000\040\000p\000a\000r\000t\000i\000e\000s\000\040\000a\000l\000\351\000a\000t\000o\000i\000r\000e\000s}{chapter.2}% 12
\BOOKMARK [1][-]{section.2.6}{\376\377\000L\000a\000\040\000s\000u\000i\000t\000e}{chapter.2}% 13
\BOOKMARK [0][-]{chapter.3}{\376\377\000A\000I\000\040\000P\000l\000a\000y\000e\000r\000s}{}% 14
\BOOKMARK [0][-]{chapter.4}{\376\377\000M\000o\000n\000t\000e\000\040\000C\000a\000r\000l\000o\000\040\000P\000l\000a\000y\000e\000r}{}% 15
\BOOKMARK [0][-]{chapter.5}{\376\377\000M\000C\000T\000S\000\040\000P\000l\000a\000y\000e\000r}{}% 16
\BOOKMARK [0][-]{chapter.6}{\376\377\000M\000i\000n\000m\000a\000x\000\040\000P\000l\000a\000y\000e\000r}{}% 17
\BOOKMARK [0][-]{chapter.7}{\376\377\000M\000i\000n\000m\000a\000x\000\040\000w\000i\000t\000h\000\040\000N\000e\000u\000r\000a\000l\000\040\000N\000e\000t\000w\000o\000r\000k\000\040\000P\000l\000a\000y\000e\000r}{}% 18
\BOOKMARK [0][-]{chapter.8}{\376\377\000A\000I\000\040\000T\000o\000u\000r\000n\000a\000m\000e\000n\000t}{}% 19
\BOOKMARK [0][-]{chapter.9}{\376\377\000C\000o\000n\000c\000l\000u\000s\000i\000o\000n}{}% 20
\BOOKMARK [0][-]{appendix*.22}{\376\377\000B\000i\000b\000l\000i\000o\000g\000r\000a\000p\000h\000y}{}% 21
